[2023-07-24 09:54:45,225] {taskinstance.py:1159} INFO - Dependencies all met for <TaskInstance: etl_dag.detect_file manual__2023-07-24T09:54:40.244299+00:00 [queued]>
[2023-07-24 09:54:45,315] {taskinstance.py:1159} INFO - Dependencies all met for <TaskInstance: etl_dag.detect_file manual__2023-07-24T09:54:40.244299+00:00 [queued]>
[2023-07-24 09:54:45,316] {taskinstance.py:1356} INFO - 
--------------------------------------------------------------------------------
[2023-07-24 09:54:45,317] {taskinstance.py:1357} INFO - Starting attempt 1 of 1
[2023-07-24 09:54:45,319] {taskinstance.py:1358} INFO - 
--------------------------------------------------------------------------------
[2023-07-24 09:54:45,418] {taskinstance.py:1377} INFO - Executing <Task(PythonSensor): detect_file> on 2023-07-24 09:54:40.244299+00:00
[2023-07-24 09:54:45,447] {standard_task_runner.py:52} INFO - Started process 354 to run task
[2023-07-24 09:54:45,515] {standard_task_runner.py:79} INFO - Running: ['***', 'tasks', 'run', 'etl_dag', 'detect_file', 'manual__2023-07-24T09:54:40.244299+00:00', '--job-id', '9', '--raw', '--subdir', 'DAGS_FOLDER/etl_dag.py', '--cfg-path', '/tmp/tmpyec21riu', '--error-file', '/tmp/tmp2ju_llpt']
[2023-07-24 09:54:45,525] {standard_task_runner.py:80} INFO - Job 9: Subtask detect_file
[2023-07-24 09:54:45,852] {task_command.py:370} INFO - Running <TaskInstance: etl_dag.detect_file manual__2023-07-24T09:54:40.244299+00:00 [running]> on host c03236539c84
[2023-07-24 09:54:46,396] {taskinstance.py:1571} INFO - Exporting the following env vars:
AIRFLOW_CTX_DAG_OWNER=***
AIRFLOW_CTX_DAG_ID=etl_dag
AIRFLOW_CTX_TASK_ID=detect_file
AIRFLOW_CTX_EXECUTION_DATE=2023-07-24T09:54:40.244299+00:00
AIRFLOW_CTX_TRY_NUMBER=1
AIRFLOW_CTX_DAG_RUN_ID=manual__2023-07-24T09:54:40.244299+00:00
[2023-07-24 09:54:46,401] {python.py:66} INFO - Poking callable: <function _detect_file at 0x7f539ef36560>
[2023-07-24 09:54:46,549] {base.py:301} INFO - Success criteria met. Exiting.
[2023-07-24 09:54:46,641] {taskinstance.py:1400} INFO - Marking task as SUCCESS. dag_id=etl_dag, task_id=detect_file, execution_date=20230724T095440, start_date=20230724T095445, end_date=20230724T095446
[2023-07-24 09:54:46,822] {local_task_job.py:156} INFO - Task exited with return code 0
[2023-07-24 09:54:48,292] {local_task_job.py:273} INFO - 0 downstream tasks scheduled from follow-on schedule check
