[2023-07-24 12:11:50,864] {taskinstance.py:1159} INFO - Dependencies all met for <TaskInstance: etl_dag.clean_file scheduled__2023-07-24T11:00:00+00:00 [queued]>
[2023-07-24 12:11:50,952] {taskinstance.py:1159} INFO - Dependencies all met for <TaskInstance: etl_dag.clean_file scheduled__2023-07-24T11:00:00+00:00 [queued]>
[2023-07-24 12:11:50,953] {taskinstance.py:1356} INFO - 
--------------------------------------------------------------------------------
[2023-07-24 12:11:50,953] {taskinstance.py:1357} INFO - Starting attempt 1 of 1
[2023-07-24 12:11:50,954] {taskinstance.py:1358} INFO - 
--------------------------------------------------------------------------------
[2023-07-24 12:11:51,065] {taskinstance.py:1377} INFO - Executing <Task(PythonOperator): clean_file> on 2023-07-24 11:00:00+00:00
[2023-07-24 12:11:51,106] {standard_task_runner.py:52} INFO - Started process 4831 to run task
[2023-07-24 12:11:51,176] {standard_task_runner.py:79} INFO - Running: ['***', 'tasks', 'run', 'etl_dag', 'clean_file', 'scheduled__2023-07-24T11:00:00+00:00', '--job-id', '79', '--raw', '--subdir', 'DAGS_FOLDER/etl_dag.py', '--cfg-path', '/tmp/tmpjupi1706', '--error-file', '/tmp/tmppg_wzz_m']
[2023-07-24 12:11:51,193] {standard_task_runner.py:80} INFO - Job 79: Subtask clean_file
[2023-07-24 12:11:51,442] {task_command.py:370} INFO - Running <TaskInstance: etl_dag.clean_file scheduled__2023-07-24T11:00:00+00:00 [running]> on host c03236539c84
[2023-07-24 12:11:52,032] {taskinstance.py:1571} INFO - Exporting the following env vars:
AIRFLOW_CTX_DAG_OWNER=***
AIRFLOW_CTX_DAG_ID=etl_dag
AIRFLOW_CTX_TASK_ID=clean_file
AIRFLOW_CTX_EXECUTION_DATE=2023-07-24T11:00:00+00:00
AIRFLOW_CTX_TRY_NUMBER=1
AIRFLOW_CTX_DAG_RUN_ID=scheduled__2023-07-24T11:00:00+00:00
[2023-07-24 12:11:52,135] {python.py:173} INFO - Done. Returned value was: None
[2023-07-24 12:11:52,320] {taskinstance.py:1400} INFO - Marking task as SUCCESS. dag_id=etl_dag, task_id=clean_file, execution_date=20230724T110000, start_date=20230724T121150, end_date=20230724T121152
[2023-07-24 12:11:52,478] {local_task_job.py:156} INFO - Task exited with return code 0
[2023-07-24 12:11:53,343] {local_task_job.py:273} INFO - 1 downstream tasks scheduled from follow-on schedule check
[2023-07-24 12:11:53,863] {dagrun.py:562} INFO - Marking run <DagRun etl_dag @ 2023-07-24 11:00:00+00:00: scheduled__2023-07-24T11:00:00+00:00, externally triggered: False> successful
[2023-07-24 12:11:53,883] {dagrun.py:622} INFO - DagRun Finished: dag_id=etl_dag, execution_date=2023-07-24 11:00:00+00:00, run_id=scheduled__2023-07-24T11:00:00+00:00, run_start_date=2023-07-24 12:11:11.421477+00:00, run_end_date=2023-07-24 12:11:53.883226+00:00, run_duration=42.461749, state=success, external_trigger=False, run_type=scheduled, data_interval_start=2023-07-24 11:00:00+00:00, data_interval_end=2023-07-24 12:00:00+00:00, dag_hash=4b5cdbdc5966731fbee8082656337397
