[2023-07-24 13:04:54,710] {taskinstance.py:1159} INFO - Dependencies all met for <TaskInstance: etl_dag.detect_file scheduled__2023-07-24T12:00:00+00:00 [queued]>
[2023-07-24 13:04:54,800] {taskinstance.py:1159} INFO - Dependencies all met for <TaskInstance: etl_dag.detect_file scheduled__2023-07-24T12:00:00+00:00 [queued]>
[2023-07-24 13:04:54,803] {taskinstance.py:1356} INFO - 
--------------------------------------------------------------------------------
[2023-07-24 13:04:54,804] {taskinstance.py:1357} INFO - Starting attempt 1 of 1
[2023-07-24 13:04:54,805] {taskinstance.py:1358} INFO - 
--------------------------------------------------------------------------------
[2023-07-24 13:04:54,979] {taskinstance.py:1377} INFO - Executing <Task(PythonSensor): detect_file> on 2023-07-24 12:00:00+00:00
[2023-07-24 13:04:55,003] {standard_task_runner.py:52} INFO - Started process 214 to run task
[2023-07-24 13:04:55,025] {standard_task_runner.py:79} INFO - Running: ['***', 'tasks', 'run', 'etl_dag', 'detect_file', 'scheduled__2023-07-24T12:00:00+00:00', '--job-id', '99', '--raw', '--subdir', 'DAGS_FOLDER/etl_dag.py', '--cfg-path', '/tmp/tmpu1etls55', '--error-file', '/tmp/tmptlfofd1u']
[2023-07-24 13:04:55,028] {standard_task_runner.py:80} INFO - Job 99: Subtask detect_file
[2023-07-24 13:04:55,810] {task_command.py:370} INFO - Running <TaskInstance: etl_dag.detect_file scheduled__2023-07-24T12:00:00+00:00 [running]> on host 58d73bc824ec
[2023-07-24 13:04:56,850] {taskinstance.py:1571} INFO - Exporting the following env vars:
AIRFLOW_CTX_DAG_OWNER=***
AIRFLOW_CTX_DAG_ID=etl_dag
AIRFLOW_CTX_TASK_ID=detect_file
AIRFLOW_CTX_EXECUTION_DATE=2023-07-24T12:00:00+00:00
AIRFLOW_CTX_TRY_NUMBER=1
AIRFLOW_CTX_DAG_RUN_ID=scheduled__2023-07-24T12:00:00+00:00
[2023-07-24 13:04:56,892] {python.py:66} INFO - Poking callable: <function _detect_file at 0x7f9b0ce1e5f0>
[2023-07-24 13:04:57,211] {base.py:301} INFO - Success criteria met. Exiting.
[2023-07-24 13:04:57,590] {taskinstance.py:1400} INFO - Marking task as SUCCESS. dag_id=etl_dag, task_id=detect_file, execution_date=20230724T120000, start_date=20230724T130454, end_date=20230724T130457
[2023-07-24 13:04:57,805] {local_task_job.py:156} INFO - Task exited with return code 0
[2023-07-24 13:04:58,128] {local_task_job.py:273} INFO - 1 downstream tasks scheduled from follow-on schedule check
