[2023-07-24 12:11:18,066] {taskinstance.py:1159} INFO - Dependencies all met for <TaskInstance: etl_dag.detect_file manual__2023-07-24T12:11:10.533092+00:00 [queued]>
[2023-07-24 12:11:18,236] {taskinstance.py:1159} INFO - Dependencies all met for <TaskInstance: etl_dag.detect_file manual__2023-07-24T12:11:10.533092+00:00 [queued]>
[2023-07-24 12:11:18,240] {taskinstance.py:1356} INFO - 
--------------------------------------------------------------------------------
[2023-07-24 12:11:18,250] {taskinstance.py:1357} INFO - Starting attempt 1 of 1
[2023-07-24 12:11:18,266] {taskinstance.py:1358} INFO - 
--------------------------------------------------------------------------------
[2023-07-24 12:11:18,537] {taskinstance.py:1377} INFO - Executing <Task(PythonSensor): detect_file> on 2023-07-24 12:11:10.533092+00:00
[2023-07-24 12:11:18,598] {standard_task_runner.py:52} INFO - Started process 4788 to run task
[2023-07-24 12:11:18,664] {standard_task_runner.py:79} INFO - Running: ['***', 'tasks', 'run', 'etl_dag', 'detect_file', 'manual__2023-07-24T12:11:10.533092+00:00', '--job-id', '72', '--raw', '--subdir', 'DAGS_FOLDER/etl_dag.py', '--cfg-path', '/tmp/tmptsclleki', '--error-file', '/tmp/tmpwi4u523e']
[2023-07-24 12:11:18,688] {standard_task_runner.py:80} INFO - Job 72: Subtask detect_file
[2023-07-24 12:11:19,277] {task_command.py:370} INFO - Running <TaskInstance: etl_dag.detect_file manual__2023-07-24T12:11:10.533092+00:00 [running]> on host c03236539c84
[2023-07-24 12:11:19,882] {taskinstance.py:1571} INFO - Exporting the following env vars:
AIRFLOW_CTX_DAG_OWNER=***
AIRFLOW_CTX_DAG_ID=etl_dag
AIRFLOW_CTX_TASK_ID=detect_file
AIRFLOW_CTX_EXECUTION_DATE=2023-07-24T12:11:10.533092+00:00
AIRFLOW_CTX_TRY_NUMBER=1
AIRFLOW_CTX_DAG_RUN_ID=manual__2023-07-24T12:11:10.533092+00:00
[2023-07-24 12:11:19,891] {python.py:66} INFO - Poking callable: <function _detect_file at 0x7f539eed8a70>
[2023-07-24 12:11:20,042] {base.py:301} INFO - Success criteria met. Exiting.
[2023-07-24 12:11:20,214] {taskinstance.py:1400} INFO - Marking task as SUCCESS. dag_id=etl_dag, task_id=detect_file, execution_date=20230724T121110, start_date=20230724T121118, end_date=20230724T121120
[2023-07-24 12:11:20,307] {local_task_job.py:156} INFO - Task exited with return code 0
[2023-07-24 12:11:20,803] {local_task_job.py:273} INFO - 1 downstream tasks scheduled from follow-on schedule check
