[2023-07-24 12:02:05,279] {taskinstance.py:1159} INFO - Dependencies all met for <TaskInstance: etl_dag.detect_file scheduled__2023-07-24T11:00:00+00:00 [queued]>
[2023-07-24 12:02:05,439] {taskinstance.py:1159} INFO - Dependencies all met for <TaskInstance: etl_dag.detect_file scheduled__2023-07-24T11:00:00+00:00 [queued]>
[2023-07-24 12:02:05,440] {taskinstance.py:1356} INFO - 
--------------------------------------------------------------------------------
[2023-07-24 12:02:05,442] {taskinstance.py:1357} INFO - Starting attempt 1 of 1
[2023-07-24 12:02:05,452] {taskinstance.py:1358} INFO - 
--------------------------------------------------------------------------------
[2023-07-24 12:02:05,628] {taskinstance.py:1377} INFO - Executing <Task(PythonSensor): detect_file> on 2023-07-24 11:00:00+00:00
[2023-07-24 12:02:05,696] {standard_task_runner.py:52} INFO - Started process 4471 to run task
[2023-07-24 12:02:05,776] {standard_task_runner.py:79} INFO - Running: ['***', 'tasks', 'run', 'etl_dag', 'detect_file', 'scheduled__2023-07-24T11:00:00+00:00', '--job-id', '53', '--raw', '--subdir', 'DAGS_FOLDER/etl_dag.py', '--cfg-path', '/tmp/tmp1bix9emz', '--error-file', '/tmp/tmpu79u7fwf']
[2023-07-24 12:02:05,799] {standard_task_runner.py:80} INFO - Job 53: Subtask detect_file
[2023-07-24 12:02:06,499] {task_command.py:370} INFO - Running <TaskInstance: etl_dag.detect_file scheduled__2023-07-24T11:00:00+00:00 [running]> on host c03236539c84
[2023-07-24 12:02:07,637] {taskinstance.py:1571} INFO - Exporting the following env vars:
AIRFLOW_CTX_DAG_OWNER=***
AIRFLOW_CTX_DAG_ID=etl_dag
AIRFLOW_CTX_TASK_ID=detect_file
AIRFLOW_CTX_EXECUTION_DATE=2023-07-24T11:00:00+00:00
AIRFLOW_CTX_TRY_NUMBER=1
AIRFLOW_CTX_DAG_RUN_ID=scheduled__2023-07-24T11:00:00+00:00
[2023-07-24 12:02:07,648] {python.py:66} INFO - Poking callable: <function _detect_file at 0x7f539ef3a3b0>
[2023-07-24 12:02:07,745] {base.py:301} INFO - Success criteria met. Exiting.
[2023-07-24 12:02:07,802] {taskinstance.py:1400} INFO - Marking task as SUCCESS. dag_id=etl_dag, task_id=detect_file, execution_date=20230724T110000, start_date=20230724T120205, end_date=20230724T120207
[2023-07-24 12:02:07,958] {local_task_job.py:156} INFO - Task exited with return code 0
[2023-07-24 12:02:08,361] {local_task_job.py:273} INFO - 1 downstream tasks scheduled from follow-on schedule check
[2023-07-24 12:04:31,652] {taskinstance.py:1159} INFO - Dependencies all met for <TaskInstance: etl_dag.detect_file scheduled__2023-07-24T11:00:00+00:00 [queued]>
[2023-07-24 12:04:31,836] {taskinstance.py:1159} INFO - Dependencies all met for <TaskInstance: etl_dag.detect_file scheduled__2023-07-24T11:00:00+00:00 [queued]>
[2023-07-24 12:04:31,854] {taskinstance.py:1356} INFO - 
--------------------------------------------------------------------------------
[2023-07-24 12:04:31,866] {taskinstance.py:1357} INFO - Starting attempt 1 of 1
[2023-07-24 12:04:31,877] {taskinstance.py:1358} INFO - 
--------------------------------------------------------------------------------
[2023-07-24 12:04:32,153] {taskinstance.py:1377} INFO - Executing <Task(PythonSensor): detect_file> on 2023-07-24 11:00:00+00:00
[2023-07-24 12:04:32,258] {standard_task_runner.py:52} INFO - Started process 4551 to run task
[2023-07-24 12:04:32,450] {standard_task_runner.py:79} INFO - Running: ['***', 'tasks', 'run', 'etl_dag', 'detect_file', 'scheduled__2023-07-24T11:00:00+00:00', '--job-id', '59', '--raw', '--subdir', 'DAGS_FOLDER/etl_dag.py', '--cfg-path', '/tmp/tmpdyg7ue6v', '--error-file', '/tmp/tmpayixa71h']
[2023-07-24 12:04:32,473] {standard_task_runner.py:80} INFO - Job 59: Subtask detect_file
[2023-07-24 12:04:33,162] {task_command.py:370} INFO - Running <TaskInstance: etl_dag.detect_file scheduled__2023-07-24T11:00:00+00:00 [running]> on host c03236539c84
[2023-07-24 12:04:34,346] {taskinstance.py:1571} INFO - Exporting the following env vars:
AIRFLOW_CTX_DAG_OWNER=***
AIRFLOW_CTX_DAG_ID=etl_dag
AIRFLOW_CTX_TASK_ID=detect_file
AIRFLOW_CTX_EXECUTION_DATE=2023-07-24T11:00:00+00:00
AIRFLOW_CTX_TRY_NUMBER=1
AIRFLOW_CTX_DAG_RUN_ID=scheduled__2023-07-24T11:00:00+00:00
[2023-07-24 12:04:34,355] {python.py:66} INFO - Poking callable: <function _detect_file at 0x7f539ef3a3b0>
[2023-07-24 12:04:34,536] {base.py:301} INFO - Success criteria met. Exiting.
[2023-07-24 12:04:34,705] {taskinstance.py:1400} INFO - Marking task as SUCCESS. dag_id=etl_dag, task_id=detect_file, execution_date=20230724T110000, start_date=20230724T120431, end_date=20230724T120434
[2023-07-24 12:04:34,930] {local_task_job.py:156} INFO - Task exited with return code 0
[2023-07-24 12:04:36,008] {local_task_job.py:273} INFO - 0 downstream tasks scheduled from follow-on schedule check
[2023-07-24 12:07:13,164] {taskinstance.py:1159} INFO - Dependencies all met for <TaskInstance: etl_dag.detect_file scheduled__2023-07-24T11:00:00+00:00 [queued]>
[2023-07-24 12:07:13,196] {taskinstance.py:1159} INFO - Dependencies all met for <TaskInstance: etl_dag.detect_file scheduled__2023-07-24T11:00:00+00:00 [queued]>
[2023-07-24 12:07:13,196] {taskinstance.py:1356} INFO - 
--------------------------------------------------------------------------------
[2023-07-24 12:07:13,199] {taskinstance.py:1357} INFO - Starting attempt 1 of 1
[2023-07-24 12:07:13,200] {taskinstance.py:1358} INFO - 
--------------------------------------------------------------------------------
[2023-07-24 12:07:13,276] {taskinstance.py:1377} INFO - Executing <Task(PythonSensor): detect_file> on 2023-07-24 11:00:00+00:00
[2023-07-24 12:07:13,288] {standard_task_runner.py:52} INFO - Started process 4658 to run task
[2023-07-24 12:07:13,308] {standard_task_runner.py:79} INFO - Running: ['***', 'tasks', 'run', 'etl_dag', 'detect_file', 'scheduled__2023-07-24T11:00:00+00:00', '--job-id', '69', '--raw', '--subdir', 'DAGS_FOLDER/etl_dag.py', '--cfg-path', '/tmp/tmpwd600477', '--error-file', '/tmp/tmpu_tevbhx']
[2023-07-24 12:07:13,312] {standard_task_runner.py:80} INFO - Job 69: Subtask detect_file
[2023-07-24 12:07:13,503] {task_command.py:370} INFO - Running <TaskInstance: etl_dag.detect_file scheduled__2023-07-24T11:00:00+00:00 [running]> on host c03236539c84
[2023-07-24 12:07:13,980] {taskinstance.py:1571} INFO - Exporting the following env vars:
AIRFLOW_CTX_DAG_OWNER=***
AIRFLOW_CTX_DAG_ID=etl_dag
AIRFLOW_CTX_TASK_ID=detect_file
AIRFLOW_CTX_EXECUTION_DATE=2023-07-24T11:00:00+00:00
AIRFLOW_CTX_TRY_NUMBER=1
AIRFLOW_CTX_DAG_RUN_ID=scheduled__2023-07-24T11:00:00+00:00
[2023-07-24 12:07:13,985] {python.py:66} INFO - Poking callable: <function _detect_file at 0x7f539ef3b3b0>
[2023-07-24 12:07:14,032] {base.py:301} INFO - Success criteria met. Exiting.
[2023-07-24 12:07:14,071] {taskinstance.py:1400} INFO - Marking task as SUCCESS. dag_id=etl_dag, task_id=detect_file, execution_date=20230724T110000, start_date=20230724T120713, end_date=20230724T120714
[2023-07-24 12:07:14,136] {local_task_job.py:156} INFO - Task exited with return code 0
[2023-07-24 12:07:14,362] {local_task_job.py:273} INFO - 1 downstream tasks scheduled from follow-on schedule check
[2023-07-24 12:11:18,977] {taskinstance.py:1159} INFO - Dependencies all met for <TaskInstance: etl_dag.detect_file scheduled__2023-07-24T11:00:00+00:00 [queued]>
[2023-07-24 12:11:19,052] {taskinstance.py:1159} INFO - Dependencies all met for <TaskInstance: etl_dag.detect_file scheduled__2023-07-24T11:00:00+00:00 [queued]>
[2023-07-24 12:11:19,053] {taskinstance.py:1356} INFO - 
--------------------------------------------------------------------------------
[2023-07-24 12:11:19,055] {taskinstance.py:1357} INFO - Starting attempt 1 of 1
[2023-07-24 12:11:19,056] {taskinstance.py:1358} INFO - 
--------------------------------------------------------------------------------
[2023-07-24 12:11:19,109] {taskinstance.py:1377} INFO - Executing <Task(PythonSensor): detect_file> on 2023-07-24 11:00:00+00:00
[2023-07-24 12:11:19,135] {standard_task_runner.py:52} INFO - Started process 4789 to run task
[2023-07-24 12:11:19,164] {standard_task_runner.py:79} INFO - Running: ['***', 'tasks', 'run', 'etl_dag', 'detect_file', 'scheduled__2023-07-24T11:00:00+00:00', '--job-id', '73', '--raw', '--subdir', 'DAGS_FOLDER/etl_dag.py', '--cfg-path', '/tmp/tmpcm9ci3ea', '--error-file', '/tmp/tmpbpxeqhv4']
[2023-07-24 12:11:19,179] {standard_task_runner.py:80} INFO - Job 73: Subtask detect_file
[2023-07-24 12:11:19,544] {task_command.py:370} INFO - Running <TaskInstance: etl_dag.detect_file scheduled__2023-07-24T11:00:00+00:00 [running]> on host c03236539c84
[2023-07-24 12:11:20,273] {taskinstance.py:1571} INFO - Exporting the following env vars:
AIRFLOW_CTX_DAG_OWNER=***
AIRFLOW_CTX_DAG_ID=etl_dag
AIRFLOW_CTX_TASK_ID=detect_file
AIRFLOW_CTX_EXECUTION_DATE=2023-07-24T11:00:00+00:00
AIRFLOW_CTX_TRY_NUMBER=1
AIRFLOW_CTX_DAG_RUN_ID=scheduled__2023-07-24T11:00:00+00:00
[2023-07-24 12:11:20,284] {python.py:66} INFO - Poking callable: <function _detect_file at 0x7f539ef3b3b0>
[2023-07-24 12:11:20,391] {base.py:301} INFO - Success criteria met. Exiting.
[2023-07-24 12:11:20,486] {taskinstance.py:1400} INFO - Marking task as SUCCESS. dag_id=etl_dag, task_id=detect_file, execution_date=20230724T110000, start_date=20230724T121118, end_date=20230724T121120
[2023-07-24 12:11:20,787] {local_task_job.py:156} INFO - Task exited with return code 0
[2023-07-24 12:11:21,288] {local_task_job.py:273} INFO - 1 downstream tasks scheduled from follow-on schedule check
[2023-07-24 12:16:03,605] {taskinstance.py:1159} INFO - Dependencies all met for <TaskInstance: etl_dag.detect_file scheduled__2023-07-24T11:00:00+00:00 [queued]>
[2023-07-24 12:16:03,688] {taskinstance.py:1159} INFO - Dependencies all met for <TaskInstance: etl_dag.detect_file scheduled__2023-07-24T11:00:00+00:00 [queued]>
[2023-07-24 12:16:03,689] {taskinstance.py:1356} INFO - 
--------------------------------------------------------------------------------
[2023-07-24 12:16:03,692] {taskinstance.py:1357} INFO - Starting attempt 1 of 1
[2023-07-24 12:16:03,704] {taskinstance.py:1358} INFO - 
--------------------------------------------------------------------------------
[2023-07-24 12:16:03,815] {taskinstance.py:1377} INFO - Executing <Task(PythonSensor): detect_file> on 2023-07-24 11:00:00+00:00
[2023-07-24 12:16:03,849] {standard_task_runner.py:52} INFO - Started process 4968 to run task
[2023-07-24 12:16:03,874] {standard_task_runner.py:79} INFO - Running: ['***', 'tasks', 'run', 'etl_dag', 'detect_file', 'scheduled__2023-07-24T11:00:00+00:00', '--job-id', '80', '--raw', '--subdir', 'DAGS_FOLDER/etl_dag.py', '--cfg-path', '/tmp/tmpmri2fnuw', '--error-file', '/tmp/tmpouw2c8vl']
[2023-07-24 12:16:03,907] {standard_task_runner.py:80} INFO - Job 80: Subtask detect_file
[2023-07-24 12:16:04,270] {task_command.py:370} INFO - Running <TaskInstance: etl_dag.detect_file scheduled__2023-07-24T11:00:00+00:00 [running]> on host c03236539c84
[2023-07-24 12:16:04,753] {taskinstance.py:1571} INFO - Exporting the following env vars:
AIRFLOW_CTX_DAG_OWNER=***
AIRFLOW_CTX_DAG_ID=etl_dag
AIRFLOW_CTX_TASK_ID=detect_file
AIRFLOW_CTX_EXECUTION_DATE=2023-07-24T11:00:00+00:00
AIRFLOW_CTX_TRY_NUMBER=1
AIRFLOW_CTX_DAG_RUN_ID=scheduled__2023-07-24T11:00:00+00:00
[2023-07-24 12:16:04,759] {python.py:66} INFO - Poking callable: <function _detect_file at 0x7f539ef3b3b0>
[2023-07-24 12:16:04,868] {base.py:301} INFO - Success criteria met. Exiting.
[2023-07-24 12:16:04,945] {taskinstance.py:1400} INFO - Marking task as SUCCESS. dag_id=etl_dag, task_id=detect_file, execution_date=20230724T110000, start_date=20230724T121603, end_date=20230724T121604
[2023-07-24 12:16:05,174] {local_task_job.py:156} INFO - Task exited with return code 0
[2023-07-24 12:16:05,820] {local_task_job.py:273} INFO - 0 downstream tasks scheduled from follow-on schedule check
[2023-07-24 12:17:39,667] {taskinstance.py:1159} INFO - Dependencies all met for <TaskInstance: etl_dag.detect_file scheduled__2023-07-24T11:00:00+00:00 [queued]>
[2023-07-24 12:17:39,743] {taskinstance.py:1159} INFO - Dependencies all met for <TaskInstance: etl_dag.detect_file scheduled__2023-07-24T11:00:00+00:00 [queued]>
[2023-07-24 12:17:39,744] {taskinstance.py:1356} INFO - 
--------------------------------------------------------------------------------
[2023-07-24 12:17:39,750] {taskinstance.py:1357} INFO - Starting attempt 1 of 1
[2023-07-24 12:17:39,753] {taskinstance.py:1358} INFO - 
--------------------------------------------------------------------------------
[2023-07-24 12:17:39,876] {taskinstance.py:1377} INFO - Executing <Task(PythonSensor): detect_file> on 2023-07-24 11:00:00+00:00
[2023-07-24 12:17:39,894] {standard_task_runner.py:52} INFO - Started process 5028 to run task
[2023-07-24 12:17:39,928] {standard_task_runner.py:79} INFO - Running: ['***', 'tasks', 'run', 'etl_dag', 'detect_file', 'scheduled__2023-07-24T11:00:00+00:00', '--job-id', '87', '--raw', '--subdir', 'DAGS_FOLDER/etl_dag.py', '--cfg-path', '/tmp/tmpau7srj5l', '--error-file', '/tmp/tmpdnb80je0']
[2023-07-24 12:17:39,936] {standard_task_runner.py:80} INFO - Job 87: Subtask detect_file
[2023-07-24 12:17:40,205] {task_command.py:370} INFO - Running <TaskInstance: etl_dag.detect_file scheduled__2023-07-24T11:00:00+00:00 [running]> on host c03236539c84
[2023-07-24 12:17:40,746] {taskinstance.py:1571} INFO - Exporting the following env vars:
AIRFLOW_CTX_DAG_OWNER=***
AIRFLOW_CTX_DAG_ID=etl_dag
AIRFLOW_CTX_TASK_ID=detect_file
AIRFLOW_CTX_EXECUTION_DATE=2023-07-24T11:00:00+00:00
AIRFLOW_CTX_TRY_NUMBER=1
AIRFLOW_CTX_DAG_RUN_ID=scheduled__2023-07-24T11:00:00+00:00
[2023-07-24 12:17:40,753] {python.py:66} INFO - Poking callable: <function _detect_file at 0x7f539ef3b3b0>
[2023-07-24 12:17:40,847] {base.py:301} INFO - Success criteria met. Exiting.
[2023-07-24 12:17:40,916] {taskinstance.py:1400} INFO - Marking task as SUCCESS. dag_id=etl_dag, task_id=detect_file, execution_date=20230724T110000, start_date=20230724T121739, end_date=20230724T121740
[2023-07-24 12:17:41,019] {local_task_job.py:156} INFO - Task exited with return code 0
[2023-07-24 12:17:41,336] {local_task_job.py:273} INFO - 1 downstream tasks scheduled from follow-on schedule check
