[2023-07-24 13:04:54,546] {taskinstance.py:1159} INFO - Dependencies all met for <TaskInstance: etl_dag.detect_file manual__2023-07-24T13:04:35.626713+00:00 [queued]>
[2023-07-24 13:04:54,591] {taskinstance.py:1159} INFO - Dependencies all met for <TaskInstance: etl_dag.detect_file manual__2023-07-24T13:04:35.626713+00:00 [queued]>
[2023-07-24 13:04:54,595] {taskinstance.py:1356} INFO - 
--------------------------------------------------------------------------------
[2023-07-24 13:04:54,596] {taskinstance.py:1357} INFO - Starting attempt 1 of 1
[2023-07-24 13:04:54,597] {taskinstance.py:1358} INFO - 
--------------------------------------------------------------------------------
[2023-07-24 13:04:54,663] {taskinstance.py:1377} INFO - Executing <Task(PythonSensor): detect_file> on 2023-07-24 13:04:35.626713+00:00
[2023-07-24 13:04:54,694] {standard_task_runner.py:52} INFO - Started process 213 to run task
[2023-07-24 13:04:54,734] {standard_task_runner.py:79} INFO - Running: ['***', 'tasks', 'run', 'etl_dag', 'detect_file', 'manual__2023-07-24T13:04:35.626713+00:00', '--job-id', '98', '--raw', '--subdir', 'DAGS_FOLDER/etl_dag.py', '--cfg-path', '/tmp/tmpx7lcx_5u', '--error-file', '/tmp/tmpdzi5bren']
[2023-07-24 13:04:54,740] {standard_task_runner.py:80} INFO - Job 98: Subtask detect_file
[2023-07-24 13:04:55,291] {task_command.py:370} INFO - Running <TaskInstance: etl_dag.detect_file manual__2023-07-24T13:04:35.626713+00:00 [running]> on host 58d73bc824ec
[2023-07-24 13:04:56,098] {taskinstance.py:1571} INFO - Exporting the following env vars:
AIRFLOW_CTX_DAG_OWNER=***
AIRFLOW_CTX_DAG_ID=etl_dag
AIRFLOW_CTX_TASK_ID=detect_file
AIRFLOW_CTX_EXECUTION_DATE=2023-07-24T13:04:35.626713+00:00
AIRFLOW_CTX_TRY_NUMBER=1
AIRFLOW_CTX_DAG_RUN_ID=manual__2023-07-24T13:04:35.626713+00:00
[2023-07-24 13:04:56,112] {python.py:66} INFO - Poking callable: <function _detect_file at 0x7f9b0ce1a830>
[2023-07-24 13:04:56,320] {base.py:301} INFO - Success criteria met. Exiting.
[2023-07-24 13:04:56,473] {taskinstance.py:1400} INFO - Marking task as SUCCESS. dag_id=etl_dag, task_id=detect_file, execution_date=20230724T130435, start_date=20230724T130454, end_date=20230724T130456
[2023-07-24 13:04:56,849] {local_task_job.py:156} INFO - Task exited with return code 0
[2023-07-24 13:04:57,580] {local_task_job.py:273} INFO - 1 downstream tasks scheduled from follow-on schedule check
