[2023-07-24 10:07:01,956] {taskinstance.py:1159} INFO - Dependencies all met for <TaskInstance: etl_dag.detect_file manual__2023-07-24T10:06:55.037740+00:00 [queued]>
[2023-07-24 10:07:02,002] {taskinstance.py:1159} INFO - Dependencies all met for <TaskInstance: etl_dag.detect_file manual__2023-07-24T10:06:55.037740+00:00 [queued]>
[2023-07-24 10:07:02,003] {taskinstance.py:1356} INFO - 
--------------------------------------------------------------------------------
[2023-07-24 10:07:02,005] {taskinstance.py:1357} INFO - Starting attempt 1 of 1
[2023-07-24 10:07:02,009] {taskinstance.py:1358} INFO - 
--------------------------------------------------------------------------------
[2023-07-24 10:07:02,114] {taskinstance.py:1377} INFO - Executing <Task(PythonSensor): detect_file> on 2023-07-24 10:06:55.037740+00:00
[2023-07-24 10:07:02,136] {standard_task_runner.py:52} INFO - Started process 751 to run task
[2023-07-24 10:07:02,162] {standard_task_runner.py:79} INFO - Running: ['***', 'tasks', 'run', 'etl_dag', 'detect_file', 'manual__2023-07-24T10:06:55.037740+00:00', '--job-id', '18', '--raw', '--subdir', 'DAGS_FOLDER/etl_dag.py', '--cfg-path', '/tmp/tmpwtxgt2cj', '--error-file', '/tmp/tmp7evxdb34']
[2023-07-24 10:07:02,187] {standard_task_runner.py:80} INFO - Job 18: Subtask detect_file
[2023-07-24 10:07:02,459] {task_command.py:370} INFO - Running <TaskInstance: etl_dag.detect_file manual__2023-07-24T10:06:55.037740+00:00 [running]> on host c03236539c84
[2023-07-24 10:07:02,953] {taskinstance.py:1571} INFO - Exporting the following env vars:
AIRFLOW_CTX_DAG_OWNER=***
AIRFLOW_CTX_DAG_ID=etl_dag
AIRFLOW_CTX_TASK_ID=detect_file
AIRFLOW_CTX_EXECUTION_DATE=2023-07-24T10:06:55.037740+00:00
AIRFLOW_CTX_TRY_NUMBER=1
AIRFLOW_CTX_DAG_RUN_ID=manual__2023-07-24T10:06:55.037740+00:00
[2023-07-24 10:07:02,966] {python.py:66} INFO - Poking callable: <function _detect_file at 0x7f539ef36560>
[2023-07-24 10:07:03,084] {base.py:301} INFO - Success criteria met. Exiting.
[2023-07-24 10:07:03,199] {taskinstance.py:1400} INFO - Marking task as SUCCESS. dag_id=etl_dag, task_id=detect_file, execution_date=20230724T100655, start_date=20230724T100701, end_date=20230724T100703
[2023-07-24 10:07:03,371] {local_task_job.py:156} INFO - Task exited with return code 0
[2023-07-24 10:07:03,730] {local_task_job.py:273} INFO - 0 downstream tasks scheduled from follow-on schedule check
