[2023-07-24 12:04:51,372] {taskinstance.py:1159} INFO - Dependencies all met for <TaskInstance: etl_dag.detect_file manual__2023-07-24T12:04:29.824873+00:00 [queued]>
[2023-07-24 12:04:51,601] {taskinstance.py:1159} INFO - Dependencies all met for <TaskInstance: etl_dag.detect_file manual__2023-07-24T12:04:29.824873+00:00 [queued]>
[2023-07-24 12:04:51,613] {taskinstance.py:1356} INFO - 
--------------------------------------------------------------------------------
[2023-07-24 12:04:51,616] {taskinstance.py:1357} INFO - Starting attempt 1 of 1
[2023-07-24 12:04:51,622] {taskinstance.py:1358} INFO - 
--------------------------------------------------------------------------------
[2023-07-24 12:04:51,981] {taskinstance.py:1377} INFO - Executing <Task(PythonSensor): detect_file> on 2023-07-24 12:04:29.824873+00:00
[2023-07-24 12:04:52,146] {standard_task_runner.py:52} INFO - Started process 4565 to run task
[2023-07-24 12:04:52,245] {standard_task_runner.py:79} INFO - Running: ['***', 'tasks', 'run', 'etl_dag', 'detect_file', 'manual__2023-07-24T12:04:29.824873+00:00', '--job-id', '60', '--raw', '--subdir', 'DAGS_FOLDER/etl_dag.py', '--cfg-path', '/tmp/tmp8cb_m8pj', '--error-file', '/tmp/tmp9r0ncugo']
[2023-07-24 12:04:52,294] {standard_task_runner.py:80} INFO - Job 60: Subtask detect_file
[2023-07-24 12:04:53,635] {task_command.py:370} INFO - Running <TaskInstance: etl_dag.detect_file manual__2023-07-24T12:04:29.824873+00:00 [running]> on host c03236539c84
[2023-07-24 12:04:55,200] {taskinstance.py:1571} INFO - Exporting the following env vars:
AIRFLOW_CTX_DAG_OWNER=***
AIRFLOW_CTX_DAG_ID=etl_dag
AIRFLOW_CTX_TASK_ID=detect_file
AIRFLOW_CTX_EXECUTION_DATE=2023-07-24T12:04:29.824873+00:00
AIRFLOW_CTX_TRY_NUMBER=1
AIRFLOW_CTX_DAG_RUN_ID=manual__2023-07-24T12:04:29.824873+00:00
[2023-07-24 12:04:55,248] {python.py:66} INFO - Poking callable: <function _detect_file at 0x7f539ef478c0>
[2023-07-24 12:04:55,420] {base.py:301} INFO - Success criteria met. Exiting.
[2023-07-24 12:04:55,643] {taskinstance.py:1400} INFO - Marking task as SUCCESS. dag_id=etl_dag, task_id=detect_file, execution_date=20230724T120429, start_date=20230724T120451, end_date=20230724T120455
[2023-07-24 12:04:56,071] {local_task_job.py:156} INFO - Task exited with return code 0
[2023-07-24 12:04:57,055] {local_task_job.py:273} INFO - 1 downstream tasks scheduled from follow-on schedule check
