[2023-07-24 13:05:37,683] {taskinstance.py:1159} INFO - Dependencies all met for <TaskInstance: etl_dag.clean_file manual__2023-07-24T13:04:35.626713+00:00 [queued]>
[2023-07-24 13:05:37,740] {taskinstance.py:1159} INFO - Dependencies all met for <TaskInstance: etl_dag.clean_file manual__2023-07-24T13:04:35.626713+00:00 [queued]>
[2023-07-24 13:05:37,740] {taskinstance.py:1356} INFO - 
--------------------------------------------------------------------------------
[2023-07-24 13:05:37,741] {taskinstance.py:1357} INFO - Starting attempt 1 of 1
[2023-07-24 13:05:37,741] {taskinstance.py:1358} INFO - 
--------------------------------------------------------------------------------
[2023-07-24 13:05:37,815] {taskinstance.py:1377} INFO - Executing <Task(PythonOperator): clean_file> on 2023-07-24 13:04:35.626713+00:00
[2023-07-24 13:05:37,841] {standard_task_runner.py:52} INFO - Started process 265 to run task
[2023-07-24 13:05:37,890] {standard_task_runner.py:79} INFO - Running: ['***', 'tasks', 'run', 'etl_dag', 'clean_file', 'manual__2023-07-24T13:04:35.626713+00:00', '--job-id', '105', '--raw', '--subdir', 'DAGS_FOLDER/etl_dag.py', '--cfg-path', '/tmp/tmpfrvy5jtx', '--error-file', '/tmp/tmpsk91cbxj']
[2023-07-24 13:05:37,900] {standard_task_runner.py:80} INFO - Job 105: Subtask clean_file
[2023-07-24 13:05:38,371] {task_command.py:370} INFO - Running <TaskInstance: etl_dag.clean_file manual__2023-07-24T13:04:35.626713+00:00 [running]> on host 58d73bc824ec
[2023-07-24 13:05:38,725] {taskinstance.py:1571} INFO - Exporting the following env vars:
AIRFLOW_CTX_DAG_OWNER=***
AIRFLOW_CTX_DAG_ID=etl_dag
AIRFLOW_CTX_TASK_ID=clean_file
AIRFLOW_CTX_EXECUTION_DATE=2023-07-24T13:04:35.626713+00:00
AIRFLOW_CTX_TRY_NUMBER=1
AIRFLOW_CTX_DAG_RUN_ID=manual__2023-07-24T13:04:35.626713+00:00
[2023-07-24 13:05:38,776] {python.py:173} INFO - Done. Returned value was: None
[2023-07-24 13:05:38,871] {taskinstance.py:1400} INFO - Marking task as SUCCESS. dag_id=etl_dag, task_id=clean_file, execution_date=20230724T130435, start_date=20230724T130537, end_date=20230724T130538
[2023-07-24 13:05:39,079] {local_task_job.py:156} INFO - Task exited with return code 0
[2023-07-24 13:05:39,850] {local_task_job.py:273} INFO - 0 downstream tasks scheduled from follow-on schedule check
