[2023-07-24 10:00:57,040] {taskinstance.py:1159} INFO - Dependencies all met for <TaskInstance: etl_dag.detect_file manual__2023-07-24T10:00:52.685786+00:00 [queued]>
[2023-07-24 10:00:57,185] {taskinstance.py:1159} INFO - Dependencies all met for <TaskInstance: etl_dag.detect_file manual__2023-07-24T10:00:52.685786+00:00 [queued]>
[2023-07-24 10:00:57,189] {taskinstance.py:1356} INFO - 
--------------------------------------------------------------------------------
[2023-07-24 10:00:57,191] {taskinstance.py:1357} INFO - Starting attempt 1 of 1
[2023-07-24 10:00:57,192] {taskinstance.py:1358} INFO - 
--------------------------------------------------------------------------------
[2023-07-24 10:00:57,443] {taskinstance.py:1377} INFO - Executing <Task(PythonSensor): detect_file> on 2023-07-24 10:00:52.685786+00:00
[2023-07-24 10:00:57,461] {standard_task_runner.py:52} INFO - Started process 549 to run task
[2023-07-24 10:00:57,496] {standard_task_runner.py:79} INFO - Running: ['***', 'tasks', 'run', 'etl_dag', 'detect_file', 'manual__2023-07-24T10:00:52.685786+00:00', '--job-id', '14', '--raw', '--subdir', 'DAGS_FOLDER/etl_dag.py', '--cfg-path', '/tmp/tmp7t_s0ujb', '--error-file', '/tmp/tmpvzt8y3vy']
[2023-07-24 10:00:57,502] {standard_task_runner.py:80} INFO - Job 14: Subtask detect_file
[2023-07-24 10:00:57,792] {task_command.py:370} INFO - Running <TaskInstance: etl_dag.detect_file manual__2023-07-24T10:00:52.685786+00:00 [running]> on host c03236539c84
[2023-07-24 10:00:58,306] {taskinstance.py:1571} INFO - Exporting the following env vars:
AIRFLOW_CTX_DAG_OWNER=***
AIRFLOW_CTX_DAG_ID=etl_dag
AIRFLOW_CTX_TASK_ID=detect_file
AIRFLOW_CTX_EXECUTION_DATE=2023-07-24T10:00:52.685786+00:00
AIRFLOW_CTX_TRY_NUMBER=1
AIRFLOW_CTX_DAG_RUN_ID=manual__2023-07-24T10:00:52.685786+00:00
[2023-07-24 10:00:58,315] {python.py:66} INFO - Poking callable: <function _detect_file at 0x7f539ef36560>
[2023-07-24 10:00:58,409] {base.py:301} INFO - Success criteria met. Exiting.
[2023-07-24 10:00:58,583] {taskinstance.py:1400} INFO - Marking task as SUCCESS. dag_id=etl_dag, task_id=detect_file, execution_date=20230724T100052, start_date=20230724T100057, end_date=20230724T100058
[2023-07-24 10:00:58,682] {local_task_job.py:156} INFO - Task exited with return code 0
[2023-07-24 10:00:59,272] {local_task_job.py:273} INFO - 1 downstream tasks scheduled from follow-on schedule check
