[2023-07-24 10:00:57,111] {taskinstance.py:1159} INFO - Dependencies all met for <TaskInstance: etl_dag.detect_file scheduled__2023-07-24T09:00:00+00:00 [queued]>
[2023-07-24 10:00:57,306] {taskinstance.py:1159} INFO - Dependencies all met for <TaskInstance: etl_dag.detect_file scheduled__2023-07-24T09:00:00+00:00 [queued]>
[2023-07-24 10:00:57,312] {taskinstance.py:1356} INFO - 
--------------------------------------------------------------------------------
[2023-07-24 10:00:57,320] {taskinstance.py:1357} INFO - Starting attempt 1 of 1
[2023-07-24 10:00:57,323] {taskinstance.py:1358} INFO - 
--------------------------------------------------------------------------------
[2023-07-24 10:00:57,513] {taskinstance.py:1377} INFO - Executing <Task(PythonSensor): detect_file> on 2023-07-24 09:00:00+00:00
[2023-07-24 10:00:57,552] {standard_task_runner.py:52} INFO - Started process 550 to run task
[2023-07-24 10:00:57,603] {standard_task_runner.py:79} INFO - Running: ['***', 'tasks', 'run', 'etl_dag', 'detect_file', 'scheduled__2023-07-24T09:00:00+00:00', '--job-id', '13', '--raw', '--subdir', 'DAGS_FOLDER/etl_dag.py', '--cfg-path', '/tmp/tmpmczmcleb', '--error-file', '/tmp/tmp4f0_v7r_']
[2023-07-24 10:00:57,612] {standard_task_runner.py:80} INFO - Job 13: Subtask detect_file
[2023-07-24 10:00:57,940] {task_command.py:370} INFO - Running <TaskInstance: etl_dag.detect_file scheduled__2023-07-24T09:00:00+00:00 [running]> on host c03236539c84
[2023-07-24 10:00:58,422] {taskinstance.py:1571} INFO - Exporting the following env vars:
AIRFLOW_CTX_DAG_OWNER=***
AIRFLOW_CTX_DAG_ID=etl_dag
AIRFLOW_CTX_TASK_ID=detect_file
AIRFLOW_CTX_EXECUTION_DATE=2023-07-24T09:00:00+00:00
AIRFLOW_CTX_TRY_NUMBER=1
AIRFLOW_CTX_DAG_RUN_ID=scheduled__2023-07-24T09:00:00+00:00
[2023-07-24 10:00:58,430] {python.py:66} INFO - Poking callable: <function _detect_file at 0x7f539ef3a3b0>
[2023-07-24 10:00:58,539] {base.py:301} INFO - Success criteria met. Exiting.
[2023-07-24 10:00:58,596] {taskinstance.py:1400} INFO - Marking task as SUCCESS. dag_id=etl_dag, task_id=detect_file, execution_date=20230724T090000, start_date=20230724T100057, end_date=20230724T100058
[2023-07-24 10:00:58,726] {local_task_job.py:156} INFO - Task exited with return code 0
[2023-07-24 10:00:59,295] {local_task_job.py:273} INFO - 1 downstream tasks scheduled from follow-on schedule check
[2023-07-24 10:07:01,903] {taskinstance.py:1159} INFO - Dependencies all met for <TaskInstance: etl_dag.detect_file scheduled__2023-07-24T09:00:00+00:00 [queued]>
[2023-07-24 10:07:01,938] {taskinstance.py:1159} INFO - Dependencies all met for <TaskInstance: etl_dag.detect_file scheduled__2023-07-24T09:00:00+00:00 [queued]>
[2023-07-24 10:07:01,939] {taskinstance.py:1356} INFO - 
--------------------------------------------------------------------------------
[2023-07-24 10:07:01,940] {taskinstance.py:1357} INFO - Starting attempt 1 of 1
[2023-07-24 10:07:01,942] {taskinstance.py:1358} INFO - 
--------------------------------------------------------------------------------
[2023-07-24 10:07:02,015] {taskinstance.py:1377} INFO - Executing <Task(PythonSensor): detect_file> on 2023-07-24 09:00:00+00:00
[2023-07-24 10:07:02,037] {standard_task_runner.py:52} INFO - Started process 750 to run task
[2023-07-24 10:07:02,060] {standard_task_runner.py:79} INFO - Running: ['***', 'tasks', 'run', 'etl_dag', 'detect_file', 'scheduled__2023-07-24T09:00:00+00:00', '--job-id', '17', '--raw', '--subdir', 'DAGS_FOLDER/etl_dag.py', '--cfg-path', '/tmp/tmpfl0tnron', '--error-file', '/tmp/tmpb51y1mvb']
[2023-07-24 10:07:02,068] {standard_task_runner.py:80} INFO - Job 17: Subtask detect_file
[2023-07-24 10:07:02,448] {task_command.py:370} INFO - Running <TaskInstance: etl_dag.detect_file scheduled__2023-07-24T09:00:00+00:00 [running]> on host c03236539c84
[2023-07-24 10:07:02,851] {taskinstance.py:1571} INFO - Exporting the following env vars:
AIRFLOW_CTX_DAG_OWNER=***
AIRFLOW_CTX_DAG_ID=etl_dag
AIRFLOW_CTX_TASK_ID=detect_file
AIRFLOW_CTX_EXECUTION_DATE=2023-07-24T09:00:00+00:00
AIRFLOW_CTX_TRY_NUMBER=1
AIRFLOW_CTX_DAG_RUN_ID=scheduled__2023-07-24T09:00:00+00:00
[2023-07-24 10:07:02,868] {python.py:66} INFO - Poking callable: <function _detect_file at 0x7f539ef3a3b0>
[2023-07-24 10:07:02,998] {base.py:301} INFO - Success criteria met. Exiting.
[2023-07-24 10:07:03,119] {taskinstance.py:1400} INFO - Marking task as SUCCESS. dag_id=etl_dag, task_id=detect_file, execution_date=20230724T090000, start_date=20230724T100701, end_date=20230724T100703
[2023-07-24 10:07:03,301] {local_task_job.py:156} INFO - Task exited with return code 0
[2023-07-24 10:07:03,570] {local_task_job.py:273} INFO - 1 downstream tasks scheduled from follow-on schedule check
[2023-07-24 10:15:08,366] {taskinstance.py:1159} INFO - Dependencies all met for <TaskInstance: etl_dag.detect_file scheduled__2023-07-24T09:00:00+00:00 [queued]>
[2023-07-24 10:15:08,440] {taskinstance.py:1159} INFO - Dependencies all met for <TaskInstance: etl_dag.detect_file scheduled__2023-07-24T09:00:00+00:00 [queued]>
[2023-07-24 10:15:08,440] {taskinstance.py:1356} INFO - 
--------------------------------------------------------------------------------
[2023-07-24 10:15:08,448] {taskinstance.py:1357} INFO - Starting attempt 1 of 1
[2023-07-24 10:15:08,451] {taskinstance.py:1358} INFO - 
--------------------------------------------------------------------------------
[2023-07-24 10:15:08,541] {taskinstance.py:1377} INFO - Executing <Task(PythonSensor): detect_file> on 2023-07-24 09:00:00+00:00
[2023-07-24 10:15:08,585] {standard_task_runner.py:52} INFO - Started process 1043 to run task
[2023-07-24 10:15:08,620] {standard_task_runner.py:79} INFO - Running: ['***', 'tasks', 'run', 'etl_dag', 'detect_file', 'scheduled__2023-07-24T09:00:00+00:00', '--job-id', '26', '--raw', '--subdir', 'DAGS_FOLDER/etl_dag.py', '--cfg-path', '/tmp/tmp2_8aie0_', '--error-file', '/tmp/tmpc2zeqny_']
[2023-07-24 10:15:08,642] {standard_task_runner.py:80} INFO - Job 26: Subtask detect_file
[2023-07-24 10:15:08,930] {task_command.py:370} INFO - Running <TaskInstance: etl_dag.detect_file scheduled__2023-07-24T09:00:00+00:00 [running]> on host c03236539c84
[2023-07-24 10:15:09,156] {taskinstance.py:1571} INFO - Exporting the following env vars:
AIRFLOW_CTX_DAG_OWNER=***
AIRFLOW_CTX_DAG_ID=etl_dag
AIRFLOW_CTX_TASK_ID=detect_file
AIRFLOW_CTX_EXECUTION_DATE=2023-07-24T09:00:00+00:00
AIRFLOW_CTX_TRY_NUMBER=1
AIRFLOW_CTX_DAG_RUN_ID=scheduled__2023-07-24T09:00:00+00:00
[2023-07-24 10:15:09,163] {python.py:66} INFO - Poking callable: <function _detect_file at 0x7f539ef3a3b0>
[2023-07-24 10:15:09,237] {base.py:301} INFO - Success criteria met. Exiting.
[2023-07-24 10:15:09,280] {taskinstance.py:1400} INFO - Marking task as SUCCESS. dag_id=etl_dag, task_id=detect_file, execution_date=20230724T090000, start_date=20230724T101508, end_date=20230724T101509
[2023-07-24 10:15:09,347] {local_task_job.py:156} INFO - Task exited with return code 0
[2023-07-24 10:15:09,494] {local_task_job.py:273} INFO - 1 downstream tasks scheduled from follow-on schedule check
[2023-07-24 10:28:05,950] {taskinstance.py:1159} INFO - Dependencies all met for <TaskInstance: etl_dag.detect_file scheduled__2023-07-24T09:00:00+00:00 [queued]>
[2023-07-24 10:28:06,015] {taskinstance.py:1159} INFO - Dependencies all met for <TaskInstance: etl_dag.detect_file scheduled__2023-07-24T09:00:00+00:00 [queued]>
[2023-07-24 10:28:06,016] {taskinstance.py:1356} INFO - 
--------------------------------------------------------------------------------
[2023-07-24 10:28:06,019] {taskinstance.py:1357} INFO - Starting attempt 1 of 1
[2023-07-24 10:28:06,027] {taskinstance.py:1358} INFO - 
--------------------------------------------------------------------------------
[2023-07-24 10:28:06,106] {taskinstance.py:1377} INFO - Executing <Task(PythonSensor): detect_file> on 2023-07-24 09:00:00+00:00
[2023-07-24 10:28:06,134] {standard_task_runner.py:52} INFO - Started process 1447 to run task
[2023-07-24 10:28:06,168] {standard_task_runner.py:79} INFO - Running: ['***', 'tasks', 'run', 'etl_dag', 'detect_file', 'scheduled__2023-07-24T09:00:00+00:00', '--job-id', '29', '--raw', '--subdir', 'DAGS_FOLDER/etl_dag.py', '--cfg-path', '/tmp/tmpjakhzcu4', '--error-file', '/tmp/tmp_vvghi18']
[2023-07-24 10:28:06,207] {standard_task_runner.py:80} INFO - Job 29: Subtask detect_file
[2023-07-24 10:28:06,470] {task_command.py:370} INFO - Running <TaskInstance: etl_dag.detect_file scheduled__2023-07-24T09:00:00+00:00 [running]> on host c03236539c84
[2023-07-24 10:28:06,708] {taskinstance.py:1571} INFO - Exporting the following env vars:
AIRFLOW_CTX_DAG_OWNER=***
AIRFLOW_CTX_DAG_ID=etl_dag
AIRFLOW_CTX_TASK_ID=detect_file
AIRFLOW_CTX_EXECUTION_DATE=2023-07-24T09:00:00+00:00
AIRFLOW_CTX_TRY_NUMBER=1
AIRFLOW_CTX_DAG_RUN_ID=scheduled__2023-07-24T09:00:00+00:00
[2023-07-24 10:28:06,718] {python.py:66} INFO - Poking callable: <function _detect_file at 0x7f539ef3a3b0>
[2023-07-24 10:28:06,782] {base.py:301} INFO - Success criteria met. Exiting.
[2023-07-24 10:28:06,832] {taskinstance.py:1400} INFO - Marking task as SUCCESS. dag_id=etl_dag, task_id=detect_file, execution_date=20230724T090000, start_date=20230724T102805, end_date=20230724T102806
[2023-07-24 10:28:06,930] {local_task_job.py:156} INFO - Task exited with return code 0
[2023-07-24 10:28:07,197] {local_task_job.py:273} INFO - 1 downstream tasks scheduled from follow-on schedule check
[2023-07-24 10:29:49,775] {taskinstance.py:1159} INFO - Dependencies all met for <TaskInstance: etl_dag.detect_file scheduled__2023-07-24T09:00:00+00:00 [queued]>
[2023-07-24 10:29:50,042] {taskinstance.py:1159} INFO - Dependencies all met for <TaskInstance: etl_dag.detect_file scheduled__2023-07-24T09:00:00+00:00 [queued]>
[2023-07-24 10:29:50,043] {taskinstance.py:1356} INFO - 
--------------------------------------------------------------------------------
[2023-07-24 10:29:50,044] {taskinstance.py:1357} INFO - Starting attempt 1 of 1
[2023-07-24 10:29:50,045] {taskinstance.py:1358} INFO - 
--------------------------------------------------------------------------------
[2023-07-24 10:29:50,357] {taskinstance.py:1377} INFO - Executing <Task(PythonSensor): detect_file> on 2023-07-24 09:00:00+00:00
[2023-07-24 10:29:50,379] {standard_task_runner.py:52} INFO - Started process 1509 to run task
[2023-07-24 10:29:50,411] {standard_task_runner.py:79} INFO - Running: ['***', 'tasks', 'run', 'etl_dag', 'detect_file', 'scheduled__2023-07-24T09:00:00+00:00', '--job-id', '33', '--raw', '--subdir', 'DAGS_FOLDER/etl_dag.py', '--cfg-path', '/tmp/tmp9si95hnh', '--error-file', '/tmp/tmpocy8fybi']
[2023-07-24 10:29:50,415] {standard_task_runner.py:80} INFO - Job 33: Subtask detect_file
[2023-07-24 10:29:50,745] {task_command.py:370} INFO - Running <TaskInstance: etl_dag.detect_file scheduled__2023-07-24T09:00:00+00:00 [running]> on host c03236539c84
[2023-07-24 10:29:51,086] {taskinstance.py:1571} INFO - Exporting the following env vars:
AIRFLOW_CTX_DAG_OWNER=***
AIRFLOW_CTX_DAG_ID=etl_dag
AIRFLOW_CTX_TASK_ID=detect_file
AIRFLOW_CTX_EXECUTION_DATE=2023-07-24T09:00:00+00:00
AIRFLOW_CTX_TRY_NUMBER=1
AIRFLOW_CTX_DAG_RUN_ID=scheduled__2023-07-24T09:00:00+00:00
[2023-07-24 10:29:51,093] {python.py:66} INFO - Poking callable: <function _detect_file at 0x7f539ef3a3b0>
[2023-07-24 10:29:51,182] {base.py:301} INFO - Success criteria met. Exiting.
[2023-07-24 10:29:51,281] {taskinstance.py:1400} INFO - Marking task as SUCCESS. dag_id=etl_dag, task_id=detect_file, execution_date=20230724T090000, start_date=20230724T102949, end_date=20230724T102951
[2023-07-24 10:29:51,415] {local_task_job.py:156} INFO - Task exited with return code 0
[2023-07-24 10:29:51,637] {local_task_job.py:273} INFO - 1 downstream tasks scheduled from follow-on schedule check
