[2023-07-24 12:00:06,422] {taskinstance.py:1159} INFO - Dependencies all met for <TaskInstance: etl_dag.detect_file manual__2023-07-24T11:59:54.154456+00:00 [queued]>
[2023-07-24 12:00:06,923] {taskinstance.py:1159} INFO - Dependencies all met for <TaskInstance: etl_dag.detect_file manual__2023-07-24T11:59:54.154456+00:00 [queued]>
[2023-07-24 12:00:06,942] {taskinstance.py:1356} INFO - 
--------------------------------------------------------------------------------
[2023-07-24 12:00:06,943] {taskinstance.py:1357} INFO - Starting attempt 1 of 1
[2023-07-24 12:00:06,954] {taskinstance.py:1358} INFO - 
--------------------------------------------------------------------------------
[2023-07-24 12:00:07,928] {taskinstance.py:1377} INFO - Executing <Task(PythonSensor): detect_file> on 2023-07-24 11:59:54.154456+00:00
[2023-07-24 12:00:08,349] {standard_task_runner.py:52} INFO - Started process 4401 to run task
[2023-07-24 12:00:08,654] {standard_task_runner.py:79} INFO - Running: ['***', 'tasks', 'run', 'etl_dag', 'detect_file', 'manual__2023-07-24T11:59:54.154456+00:00', '--job-id', '51', '--raw', '--subdir', 'DAGS_FOLDER/etl_dag.py', '--cfg-path', '/tmp/tmpjtfxncz0', '--error-file', '/tmp/tmp225znjil']
[2023-07-24 12:00:08,777] {standard_task_runner.py:80} INFO - Job 51: Subtask detect_file
[2023-07-24 12:00:12,159] {task_command.py:370} INFO - Running <TaskInstance: etl_dag.detect_file manual__2023-07-24T11:59:54.154456+00:00 [running]> on host c03236539c84
[2023-07-24 12:00:18,153] {taskinstance.py:1571} INFO - Exporting the following env vars:
AIRFLOW_CTX_DAG_OWNER=***
AIRFLOW_CTX_DAG_ID=etl_dag
AIRFLOW_CTX_TASK_ID=detect_file
AIRFLOW_CTX_EXECUTION_DATE=2023-07-24T11:59:54.154456+00:00
AIRFLOW_CTX_TRY_NUMBER=1
AIRFLOW_CTX_DAG_RUN_ID=manual__2023-07-24T11:59:54.154456+00:00
[2023-07-24 12:00:18,262] {python.py:66} INFO - Poking callable: <function _detect_file at 0x7f539ef1ed40>
[2023-07-24 12:00:19,263] {base.py:301} INFO - Success criteria met. Exiting.
[2023-07-24 12:00:20,459] {taskinstance.py:1400} INFO - Marking task as SUCCESS. dag_id=etl_dag, task_id=detect_file, execution_date=20230724T115954, start_date=20230724T120006, end_date=20230724T120020
[2023-07-24 12:00:22,260] {local_task_job.py:156} INFO - Task exited with return code 0
[2023-07-24 12:00:23,388] {local_task_job.py:273} INFO - 0 downstream tasks scheduled from follow-on schedule check
[2023-07-24 12:00:23,812] {dagrun.py:562} INFO - Marking run <DagRun etl_dag @ 2023-07-24 11:59:54.154456+00:00: manual__2023-07-24T11:59:54.154456+00:00, externally triggered: True> successful
[2023-07-24 12:00:23,837] {dagrun.py:622} INFO - DagRun Finished: dag_id=etl_dag, execution_date=2023-07-24 11:59:54.154456+00:00, run_id=manual__2023-07-24T11:59:54.154456+00:00, run_start_date=2023-07-24 11:59:55.267486+00:00, run_end_date=2023-07-24 12:00:23.824984+00:00, run_duration=28.557498, state=success, external_trigger=True, run_type=manual, data_interval_start=2023-07-24 10:00:00+00:00, data_interval_end=2023-07-24 11:00:00+00:00, dag_hash=957bb6d4b63e6eb21d63f788501de800
