[2023-07-24 12:18:08,883] {taskinstance.py:1159} INFO - Dependencies all met for <TaskInstance: etl_dag.clean_file manual__2023-07-24T12:17:34.087693+00:00 [queued]>
[2023-07-24 12:18:08,987] {taskinstance.py:1159} INFO - Dependencies all met for <TaskInstance: etl_dag.clean_file manual__2023-07-24T12:17:34.087693+00:00 [queued]>
[2023-07-24 12:18:08,993] {taskinstance.py:1356} INFO - 
--------------------------------------------------------------------------------
[2023-07-24 12:18:08,996] {taskinstance.py:1357} INFO - Starting attempt 1 of 1
[2023-07-24 12:18:08,998] {taskinstance.py:1358} INFO - 
--------------------------------------------------------------------------------
[2023-07-24 12:18:09,148] {taskinstance.py:1377} INFO - Executing <Task(PythonOperator): clean_file> on 2023-07-24 12:17:34.087693+00:00
[2023-07-24 12:18:09,309] {standard_task_runner.py:79} INFO - Running: ['***', 'tasks', 'run', 'etl_dag', 'clean_file', 'manual__2023-07-24T12:17:34.087693+00:00', '--job-id', '92', '--raw', '--subdir', 'DAGS_FOLDER/etl_dag.py', '--cfg-path', '/tmp/tmpbuqmsuyo', '--error-file', '/tmp/tmpgq7ux93n']
[2023-07-24 12:18:09,324] {standard_task_runner.py:80} INFO - Job 92: Subtask clean_file
[2023-07-24 12:18:09,235] {standard_task_runner.py:52} INFO - Started process 5066 to run task
[2023-07-24 12:18:09,774] {task_command.py:370} INFO - Running <TaskInstance: etl_dag.clean_file manual__2023-07-24T12:17:34.087693+00:00 [running]> on host c03236539c84
[2023-07-24 12:18:10,466] {taskinstance.py:1571} INFO - Exporting the following env vars:
AIRFLOW_CTX_DAG_OWNER=***
AIRFLOW_CTX_DAG_ID=etl_dag
AIRFLOW_CTX_TASK_ID=clean_file
AIRFLOW_CTX_EXECUTION_DATE=2023-07-24T12:17:34.087693+00:00
AIRFLOW_CTX_TRY_NUMBER=1
AIRFLOW_CTX_DAG_RUN_ID=manual__2023-07-24T12:17:34.087693+00:00
[2023-07-24 12:18:10,614] {python.py:173} INFO - Done. Returned value was: None
[2023-07-24 12:18:10,766] {taskinstance.py:1400} INFO - Marking task as SUCCESS. dag_id=etl_dag, task_id=clean_file, execution_date=20230724T121734, start_date=20230724T121808, end_date=20230724T121810
[2023-07-24 12:18:10,913] {local_task_job.py:156} INFO - Task exited with return code 0
[2023-07-24 12:18:11,275] {local_task_job.py:273} INFO - 1 downstream tasks scheduled from follow-on schedule check
