[2023-07-24 12:16:03,867] {taskinstance.py:1159} INFO - Dependencies all met for <TaskInstance: etl_dag.detect_file manual__2023-07-24T12:15:58.846277+00:00 [queued]>
[2023-07-24 12:16:03,983] {taskinstance.py:1159} INFO - Dependencies all met for <TaskInstance: etl_dag.detect_file manual__2023-07-24T12:15:58.846277+00:00 [queued]>
[2023-07-24 12:16:03,988] {taskinstance.py:1356} INFO - 
--------------------------------------------------------------------------------
[2023-07-24 12:16:03,990] {taskinstance.py:1357} INFO - Starting attempt 1 of 1
[2023-07-24 12:16:03,994] {taskinstance.py:1358} INFO - 
--------------------------------------------------------------------------------
[2023-07-24 12:16:04,113] {taskinstance.py:1377} INFO - Executing <Task(PythonSensor): detect_file> on 2023-07-24 12:15:58.846277+00:00
[2023-07-24 12:16:04,151] {standard_task_runner.py:52} INFO - Started process 4969 to run task
[2023-07-24 12:16:04,197] {standard_task_runner.py:79} INFO - Running: ['***', 'tasks', 'run', 'etl_dag', 'detect_file', 'manual__2023-07-24T12:15:58.846277+00:00', '--job-id', '81', '--raw', '--subdir', 'DAGS_FOLDER/etl_dag.py', '--cfg-path', '/tmp/tmpbgiul392', '--error-file', '/tmp/tmpgrxkn1lz']
[2023-07-24 12:16:04,218] {standard_task_runner.py:80} INFO - Job 81: Subtask detect_file
[2023-07-24 12:16:04,798] {task_command.py:370} INFO - Running <TaskInstance: etl_dag.detect_file manual__2023-07-24T12:15:58.846277+00:00 [running]> on host c03236539c84
[2023-07-24 12:16:05,553] {taskinstance.py:1571} INFO - Exporting the following env vars:
AIRFLOW_CTX_DAG_OWNER=***
AIRFLOW_CTX_DAG_ID=etl_dag
AIRFLOW_CTX_TASK_ID=detect_file
AIRFLOW_CTX_EXECUTION_DATE=2023-07-24T12:15:58.846277+00:00
AIRFLOW_CTX_TRY_NUMBER=1
AIRFLOW_CTX_DAG_RUN_ID=manual__2023-07-24T12:15:58.846277+00:00
[2023-07-24 12:16:05,610] {python.py:66} INFO - Poking callable: <function _detect_file at 0x7f539eed8a70>
[2023-07-24 12:16:06,197] {base.py:301} INFO - Success criteria met. Exiting.
[2023-07-24 12:16:06,535] {taskinstance.py:1400} INFO - Marking task as SUCCESS. dag_id=etl_dag, task_id=detect_file, execution_date=20230724T121558, start_date=20230724T121603, end_date=20230724T121606
[2023-07-24 12:16:06,941] {local_task_job.py:156} INFO - Task exited with return code 0
[2023-07-24 12:16:07,764] {local_task_job.py:273} INFO - 1 downstream tasks scheduled from follow-on schedule check
