[2023-07-24 09:51:59,438] {taskinstance.py:1159} INFO - Dependencies all met for <TaskInstance: etl_dag.detect_file manual__2023-07-24T09:51:40.501718+00:00 [queued]>
[2023-07-24 09:51:59,513] {taskinstance.py:1159} INFO - Dependencies all met for <TaskInstance: etl_dag.detect_file manual__2023-07-24T09:51:40.501718+00:00 [queued]>
[2023-07-24 09:51:59,520] {taskinstance.py:1356} INFO - 
--------------------------------------------------------------------------------
[2023-07-24 09:51:59,522] {taskinstance.py:1357} INFO - Starting attempt 1 of 1
[2023-07-24 09:51:59,528] {taskinstance.py:1358} INFO - 
--------------------------------------------------------------------------------
[2023-07-24 09:51:59,617] {taskinstance.py:1377} INFO - Executing <Task(PythonSensor): detect_file> on 2023-07-24 09:51:40.501718+00:00
[2023-07-24 09:51:59,632] {standard_task_runner.py:52} INFO - Started process 253 to run task
[2023-07-24 09:51:59,657] {standard_task_runner.py:79} INFO - Running: ['***', 'tasks', 'run', 'etl_dag', 'detect_file', 'manual__2023-07-24T09:51:40.501718+00:00', '--job-id', '5', '--raw', '--subdir', 'DAGS_FOLDER/etl_dag.py', '--cfg-path', '/tmp/tmpn9t6li24', '--error-file', '/tmp/tmpozzbitsn']
[2023-07-24 09:51:59,660] {standard_task_runner.py:80} INFO - Job 5: Subtask detect_file
[2023-07-24 09:51:59,986] {task_command.py:370} INFO - Running <TaskInstance: etl_dag.detect_file manual__2023-07-24T09:51:40.501718+00:00 [running]> on host c03236539c84
[2023-07-24 09:52:00,553] {taskinstance.py:1571} INFO - Exporting the following env vars:
AIRFLOW_CTX_DAG_OWNER=***
AIRFLOW_CTX_DAG_ID=etl_dag
AIRFLOW_CTX_TASK_ID=detect_file
AIRFLOW_CTX_EXECUTION_DATE=2023-07-24T09:51:40.501718+00:00
AIRFLOW_CTX_TRY_NUMBER=1
AIRFLOW_CTX_DAG_RUN_ID=manual__2023-07-24T09:51:40.501718+00:00
[2023-07-24 09:52:00,558] {python.py:66} INFO - Poking callable: <function _detect_file at 0x7f539ef33560>
[2023-07-24 09:52:01,019] {base.py:301} INFO - Success criteria met. Exiting.
[2023-07-24 09:52:01,215] {taskinstance.py:1400} INFO - Marking task as SUCCESS. dag_id=etl_dag, task_id=detect_file, execution_date=20230724T095140, start_date=20230724T095159, end_date=20230724T095201
[2023-07-24 09:52:01,331] {local_task_job.py:156} INFO - Task exited with return code 0
[2023-07-24 09:52:01,552] {local_task_job.py:273} INFO - 1 downstream tasks scheduled from follow-on schedule check
