[2023-07-24 12:02:05,314] {taskinstance.py:1159} INFO - Dependencies all met for <TaskInstance: etl_dag.detect_file manual__2023-07-24T12:01:56.805305+00:00 [queued]>
[2023-07-24 12:02:05,455] {taskinstance.py:1159} INFO - Dependencies all met for <TaskInstance: etl_dag.detect_file manual__2023-07-24T12:01:56.805305+00:00 [queued]>
[2023-07-24 12:02:05,456] {taskinstance.py:1356} INFO - 
--------------------------------------------------------------------------------
[2023-07-24 12:02:05,458] {taskinstance.py:1357} INFO - Starting attempt 1 of 1
[2023-07-24 12:02:05,464] {taskinstance.py:1358} INFO - 
--------------------------------------------------------------------------------
[2023-07-24 12:02:05,645] {taskinstance.py:1377} INFO - Executing <Task(PythonSensor): detect_file> on 2023-07-24 12:01:56.805305+00:00
[2023-07-24 12:02:05,712] {standard_task_runner.py:52} INFO - Started process 4472 to run task
[2023-07-24 12:02:05,794] {standard_task_runner.py:79} INFO - Running: ['***', 'tasks', 'run', 'etl_dag', 'detect_file', 'manual__2023-07-24T12:01:56.805305+00:00', '--job-id', '54', '--raw', '--subdir', 'DAGS_FOLDER/etl_dag.py', '--cfg-path', '/tmp/tmpz7imp1_1', '--error-file', '/tmp/tmpitzbsjnk']
[2023-07-24 12:02:05,815] {standard_task_runner.py:80} INFO - Job 54: Subtask detect_file
[2023-07-24 12:02:06,360] {task_command.py:370} INFO - Running <TaskInstance: etl_dag.detect_file manual__2023-07-24T12:01:56.805305+00:00 [running]> on host c03236539c84
[2023-07-24 12:02:07,381] {taskinstance.py:1571} INFO - Exporting the following env vars:
AIRFLOW_CTX_DAG_OWNER=***
AIRFLOW_CTX_DAG_ID=etl_dag
AIRFLOW_CTX_TASK_ID=detect_file
AIRFLOW_CTX_EXECUTION_DATE=2023-07-24T12:01:56.805305+00:00
AIRFLOW_CTX_TRY_NUMBER=1
AIRFLOW_CTX_DAG_RUN_ID=manual__2023-07-24T12:01:56.805305+00:00
[2023-07-24 12:02:07,403] {python.py:66} INFO - Poking callable: <function _detect_file at 0x7f539eed9a70>
[2023-07-24 12:02:07,514] {base.py:301} INFO - Success criteria met. Exiting.
[2023-07-24 12:02:07,633] {taskinstance.py:1400} INFO - Marking task as SUCCESS. dag_id=etl_dag, task_id=detect_file, execution_date=20230724T120156, start_date=20230724T120205, end_date=20230724T120207
[2023-07-24 12:02:07,876] {local_task_job.py:156} INFO - Task exited with return code 0
[2023-07-24 12:02:08,249] {local_task_job.py:273} INFO - 1 downstream tasks scheduled from follow-on schedule check
