[2023-07-24 11:27:07,987] {taskinstance.py:1159} INFO - Dependencies all met for <TaskInstance: etl_dag.detect_file manual__2023-07-24T11:26:40.062547+00:00 [queued]>
[2023-07-24 11:27:08,508] {taskinstance.py:1159} INFO - Dependencies all met for <TaskInstance: etl_dag.detect_file manual__2023-07-24T11:26:40.062547+00:00 [queued]>
[2023-07-24 11:27:08,510] {taskinstance.py:1356} INFO - 
--------------------------------------------------------------------------------
[2023-07-24 11:27:08,512] {taskinstance.py:1357} INFO - Starting attempt 1 of 1
[2023-07-24 11:27:08,521] {taskinstance.py:1358} INFO - 
--------------------------------------------------------------------------------
[2023-07-24 11:27:08,920] {taskinstance.py:1377} INFO - Executing <Task(PythonSensor): detect_file> on 2023-07-24 11:26:40.062547+00:00
[2023-07-24 11:27:09,118] {standard_task_runner.py:52} INFO - Started process 3487 to run task
[2023-07-24 11:27:09,288] {standard_task_runner.py:79} INFO - Running: ['***', 'tasks', 'run', 'etl_dag', 'detect_file', 'manual__2023-07-24T11:26:40.062547+00:00', '--job-id', '44', '--raw', '--subdir', 'DAGS_FOLDER/etl_dag.py', '--cfg-path', '/tmp/tmpp2b97qun', '--error-file', '/tmp/tmpf__4b9zu']
[2023-07-24 11:27:09,308] {standard_task_runner.py:80} INFO - Job 44: Subtask detect_file
[2023-07-24 11:27:10,893] {task_command.py:370} INFO - Running <TaskInstance: etl_dag.detect_file manual__2023-07-24T11:26:40.062547+00:00 [running]> on host c03236539c84
[2023-07-24 11:27:13,274] {taskinstance.py:1571} INFO - Exporting the following env vars:
AIRFLOW_CTX_DAG_OWNER=***
AIRFLOW_CTX_DAG_ID=etl_dag
AIRFLOW_CTX_TASK_ID=detect_file
AIRFLOW_CTX_EXECUTION_DATE=2023-07-24T11:26:40.062547+00:00
AIRFLOW_CTX_TRY_NUMBER=1
AIRFLOW_CTX_DAG_RUN_ID=manual__2023-07-24T11:26:40.062547+00:00
[2023-07-24 11:27:13,314] {python.py:66} INFO - Poking callable: <function _detect_file at 0x7f539ef3a3b0>
[2023-07-24 11:27:13,620] {base.py:301} INFO - Success criteria met. Exiting.
[2023-07-24 11:27:13,760] {taskinstance.py:1400} INFO - Marking task as SUCCESS. dag_id=etl_dag, task_id=detect_file, execution_date=20230724T112640, start_date=20230724T112708, end_date=20230724T112713
[2023-07-24 11:27:13,952] {local_task_job.py:156} INFO - Task exited with return code 0
[2023-07-24 11:27:15,129] {local_task_job.py:273} INFO - 1 downstream tasks scheduled from follow-on schedule check
