[2023-07-24 11:27:42,744] {taskinstance.py:1159} INFO - Dependencies all met for <TaskInstance: etl_dag.detect_file manual__2023-07-24T11:27:26.309516+00:00 [queued]>
[2023-07-24 11:27:42,997] {taskinstance.py:1159} INFO - Dependencies all met for <TaskInstance: etl_dag.detect_file manual__2023-07-24T11:27:26.309516+00:00 [queued]>
[2023-07-24 11:27:43,000] {taskinstance.py:1356} INFO - 
--------------------------------------------------------------------------------
[2023-07-24 11:27:43,004] {taskinstance.py:1357} INFO - Starting attempt 1 of 1
[2023-07-24 11:27:43,008] {taskinstance.py:1358} INFO - 
--------------------------------------------------------------------------------
[2023-07-24 11:27:43,142] {taskinstance.py:1377} INFO - Executing <Task(PythonSensor): detect_file> on 2023-07-24 11:27:26.309516+00:00
[2023-07-24 11:27:43,184] {standard_task_runner.py:52} INFO - Started process 3508 to run task
[2023-07-24 11:27:43,229] {standard_task_runner.py:79} INFO - Running: ['***', 'tasks', 'run', 'etl_dag', 'detect_file', 'manual__2023-07-24T11:27:26.309516+00:00', '--job-id', '45', '--raw', '--subdir', 'DAGS_FOLDER/etl_dag.py', '--cfg-path', '/tmp/tmp0pidwanr', '--error-file', '/tmp/tmp_o76thry']
[2023-07-24 11:27:43,292] {standard_task_runner.py:80} INFO - Job 45: Subtask detect_file
[2023-07-24 11:27:43,819] {task_command.py:370} INFO - Running <TaskInstance: etl_dag.detect_file manual__2023-07-24T11:27:26.309516+00:00 [running]> on host c03236539c84
[2023-07-24 11:27:44,591] {taskinstance.py:1571} INFO - Exporting the following env vars:
AIRFLOW_CTX_DAG_OWNER=***
AIRFLOW_CTX_DAG_ID=etl_dag
AIRFLOW_CTX_TASK_ID=detect_file
AIRFLOW_CTX_EXECUTION_DATE=2023-07-24T11:27:26.309516+00:00
AIRFLOW_CTX_TRY_NUMBER=1
AIRFLOW_CTX_DAG_RUN_ID=manual__2023-07-24T11:27:26.309516+00:00
[2023-07-24 11:27:44,600] {python.py:66} INFO - Poking callable: <function _detect_file at 0x7f539ef37560>
[2023-07-24 11:27:44,709] {base.py:301} INFO - Success criteria met. Exiting.
[2023-07-24 11:27:44,877] {taskinstance.py:1400} INFO - Marking task as SUCCESS. dag_id=etl_dag, task_id=detect_file, execution_date=20230724T112726, start_date=20230724T112742, end_date=20230724T112744
[2023-07-24 11:27:45,242] {local_task_job.py:156} INFO - Task exited with return code 0
[2023-07-24 11:27:46,156] {local_task_job.py:273} INFO - 0 downstream tasks scheduled from follow-on schedule check
