[2023-07-24 09:51:59,462] {taskinstance.py:1159} INFO - Dependencies all met for <TaskInstance: etl_dag.detect_file scheduled__2023-07-24T08:00:00+00:00 [queued]>
[2023-07-24 09:51:59,560] {taskinstance.py:1159} INFO - Dependencies all met for <TaskInstance: etl_dag.detect_file scheduled__2023-07-24T08:00:00+00:00 [queued]>
[2023-07-24 09:51:59,565] {taskinstance.py:1356} INFO - 
--------------------------------------------------------------------------------
[2023-07-24 09:51:59,571] {taskinstance.py:1357} INFO - Starting attempt 1 of 1
[2023-07-24 09:51:59,571] {taskinstance.py:1358} INFO - 
--------------------------------------------------------------------------------
[2023-07-24 09:51:59,647] {taskinstance.py:1377} INFO - Executing <Task(PythonSensor): detect_file> on 2023-07-24 08:00:00+00:00
[2023-07-24 09:51:59,669] {standard_task_runner.py:52} INFO - Started process 254 to run task
[2023-07-24 09:51:59,697] {standard_task_runner.py:79} INFO - Running: ['***', 'tasks', 'run', 'etl_dag', 'detect_file', 'scheduled__2023-07-24T08:00:00+00:00', '--job-id', '6', '--raw', '--subdir', 'DAGS_FOLDER/etl_dag.py', '--cfg-path', '/tmp/tmp9cj7r_yu', '--error-file', '/tmp/tmpv1_6x2to']
[2023-07-24 09:51:59,704] {standard_task_runner.py:80} INFO - Job 6: Subtask detect_file
[2023-07-24 09:52:00,019] {task_command.py:370} INFO - Running <TaskInstance: etl_dag.detect_file scheduled__2023-07-24T08:00:00+00:00 [running]> on host c03236539c84
[2023-07-24 09:52:00,913] {taskinstance.py:1571} INFO - Exporting the following env vars:
AIRFLOW_CTX_DAG_OWNER=***
AIRFLOW_CTX_DAG_ID=etl_dag
AIRFLOW_CTX_TASK_ID=detect_file
AIRFLOW_CTX_EXECUTION_DATE=2023-07-24T08:00:00+00:00
AIRFLOW_CTX_TRY_NUMBER=1
AIRFLOW_CTX_DAG_RUN_ID=scheduled__2023-07-24T08:00:00+00:00
[2023-07-24 09:52:00,916] {python.py:66} INFO - Poking callable: <function _detect_file at 0x7f539ef34320>
[2023-07-24 09:52:01,066] {base.py:301} INFO - Success criteria met. Exiting.
[2023-07-24 09:52:01,249] {taskinstance.py:1400} INFO - Marking task as SUCCESS. dag_id=etl_dag, task_id=detect_file, execution_date=20230724T080000, start_date=20230724T095159, end_date=20230724T095201
[2023-07-24 09:52:01,336] {local_task_job.py:156} INFO - Task exited with return code 0
[2023-07-24 09:52:01,567] {local_task_job.py:273} INFO - 1 downstream tasks scheduled from follow-on schedule check
[2023-07-24 09:54:45,210] {taskinstance.py:1159} INFO - Dependencies all met for <TaskInstance: etl_dag.detect_file scheduled__2023-07-24T08:00:00+00:00 [queued]>
[2023-07-24 09:54:45,301] {taskinstance.py:1159} INFO - Dependencies all met for <TaskInstance: etl_dag.detect_file scheduled__2023-07-24T08:00:00+00:00 [queued]>
[2023-07-24 09:54:45,302] {taskinstance.py:1356} INFO - 
--------------------------------------------------------------------------------
[2023-07-24 09:54:45,304] {taskinstance.py:1357} INFO - Starting attempt 1 of 1
[2023-07-24 09:54:45,306] {taskinstance.py:1358} INFO - 
--------------------------------------------------------------------------------
[2023-07-24 09:54:45,403] {taskinstance.py:1377} INFO - Executing <Task(PythonSensor): detect_file> on 2023-07-24 08:00:00+00:00
[2023-07-24 09:54:45,438] {standard_task_runner.py:52} INFO - Started process 353 to run task
[2023-07-24 09:54:45,492] {standard_task_runner.py:79} INFO - Running: ['***', 'tasks', 'run', 'etl_dag', 'detect_file', 'scheduled__2023-07-24T08:00:00+00:00', '--job-id', '10', '--raw', '--subdir', 'DAGS_FOLDER/etl_dag.py', '--cfg-path', '/tmp/tmp8albm9f2', '--error-file', '/tmp/tmpg0j7y4zk']
[2023-07-24 09:54:45,501] {standard_task_runner.py:80} INFO - Job 10: Subtask detect_file
[2023-07-24 09:54:45,943] {task_command.py:370} INFO - Running <TaskInstance: etl_dag.detect_file scheduled__2023-07-24T08:00:00+00:00 [running]> on host c03236539c84
[2023-07-24 09:54:46,536] {taskinstance.py:1571} INFO - Exporting the following env vars:
AIRFLOW_CTX_DAG_OWNER=***
AIRFLOW_CTX_DAG_ID=etl_dag
AIRFLOW_CTX_TASK_ID=detect_file
AIRFLOW_CTX_EXECUTION_DATE=2023-07-24T08:00:00+00:00
AIRFLOW_CTX_TRY_NUMBER=1
AIRFLOW_CTX_DAG_RUN_ID=scheduled__2023-07-24T08:00:00+00:00
[2023-07-24 09:54:46,542] {python.py:66} INFO - Poking callable: <function _detect_file at 0x7f539ef3a3b0>
[2023-07-24 09:54:46,641] {base.py:301} INFO - Success criteria met. Exiting.
[2023-07-24 09:54:46,799] {taskinstance.py:1400} INFO - Marking task as SUCCESS. dag_id=etl_dag, task_id=detect_file, execution_date=20230724T080000, start_date=20230724T095445, end_date=20230724T095446
[2023-07-24 09:54:47,196] {local_task_job.py:156} INFO - Task exited with return code 0
[2023-07-24 09:54:48,852] {local_task_job.py:273} INFO - 0 downstream tasks scheduled from follow-on schedule check
