[2023-07-24 13:05:16,107] {taskinstance.py:1159} INFO - Dependencies all met for <TaskInstance: etl_dag.transfer_data_to_postgres manual__2023-07-24T13:04:35.626713+00:00 [queued]>
[2023-07-24 13:05:16,170] {taskinstance.py:1159} INFO - Dependencies all met for <TaskInstance: etl_dag.transfer_data_to_postgres manual__2023-07-24T13:04:35.626713+00:00 [queued]>
[2023-07-24 13:05:16,170] {taskinstance.py:1356} INFO - 
--------------------------------------------------------------------------------
[2023-07-24 13:05:16,171] {taskinstance.py:1357} INFO - Starting attempt 1 of 1
[2023-07-24 13:05:16,172] {taskinstance.py:1358} INFO - 
--------------------------------------------------------------------------------
[2023-07-24 13:05:16,259] {taskinstance.py:1377} INFO - Executing <Task(S3ToPostgresOperator): transfer_data_to_postgres> on 2023-07-24 13:04:35.626713+00:00
[2023-07-24 13:05:16,278] {standard_task_runner.py:52} INFO - Started process 239 to run task
[2023-07-24 13:05:16,320] {standard_task_runner.py:79} INFO - Running: ['***', 'tasks', 'run', 'etl_dag', 'transfer_data_to_postgres', 'manual__2023-07-24T13:04:35.626713+00:00', '--job-id', '102', '--raw', '--subdir', 'DAGS_FOLDER/etl_dag.py', '--cfg-path', '/tmp/tmp70xd4z0f', '--error-file', '/tmp/tmpy0hlplbc']
[2023-07-24 13:05:16,327] {standard_task_runner.py:80} INFO - Job 102: Subtask transfer_data_to_postgres
[2023-07-24 13:05:16,793] {task_command.py:370} INFO - Running <TaskInstance: etl_dag.transfer_data_to_postgres manual__2023-07-24T13:04:35.626713+00:00 [running]> on host 58d73bc824ec
[2023-07-24 13:05:18,260] {taskinstance.py:1571} INFO - Exporting the following env vars:
AIRFLOW_CTX_DAG_OWNER=***
AIRFLOW_CTX_DAG_ID=etl_dag
AIRFLOW_CTX_TASK_ID=transfer_data_to_postgres
AIRFLOW_CTX_EXECUTION_DATE=2023-07-24T13:04:35.626713+00:00
AIRFLOW_CTX_TRY_NUMBER=1
AIRFLOW_CTX_DAG_RUN_ID=manual__2023-07-24T13:04:35.626713+00:00
[2023-07-24 13:05:18,283] {s3.py:861} INFO - Downloading source S3 file from Bucket lead-project-bucket-ojo with path Real_time_payments_1690201757.765383.csv
[2023-07-24 13:05:18,463] {base.py:68} INFO - Using connection ID 'aws_default' for task execution.
[2023-07-24 13:05:18,470] {base_aws.py:206} INFO - Credentials retrieved from login
[2023-07-24 13:05:22,345] {base.py:68} INFO - Using connection ID 'postgres://cazwrmravtstuq:***@ec2-54-234-13-16.compute-1.amazonaws.com:5432/d7ojfso4s2fmat' for task execution.
[2023-07-24 13:05:25,337] {taskinstance.py:1400} INFO - Marking task as SUCCESS. dag_id=etl_dag, task_id=transfer_data_to_postgres, execution_date=20230724T130435, start_date=20230724T130516, end_date=20230724T130525
[2023-07-24 13:05:25,541] {local_task_job.py:156} INFO - Task exited with return code 0
[2023-07-24 13:05:25,881] {local_task_job.py:273} INFO - 0 downstream tasks scheduled from follow-on schedule check
