[2023-07-24 10:29:49,941] {taskinstance.py:1159} INFO - Dependencies all met for <TaskInstance: etl_dag.detect_file manual__2023-07-24T10:29:45.560330+00:00 [queued]>
[2023-07-24 10:29:50,079] {taskinstance.py:1159} INFO - Dependencies all met for <TaskInstance: etl_dag.detect_file manual__2023-07-24T10:29:45.560330+00:00 [queued]>
[2023-07-24 10:29:50,085] {taskinstance.py:1356} INFO - 
--------------------------------------------------------------------------------
[2023-07-24 10:29:50,086] {taskinstance.py:1357} INFO - Starting attempt 1 of 1
[2023-07-24 10:29:50,103] {taskinstance.py:1358} INFO - 
--------------------------------------------------------------------------------
[2023-07-24 10:29:50,160] {taskinstance.py:1377} INFO - Executing <Task(PythonSensor): detect_file> on 2023-07-24 10:29:45.560330+00:00
[2023-07-24 10:29:50,248] {standard_task_runner.py:52} INFO - Started process 1508 to run task
[2023-07-24 10:29:50,322] {standard_task_runner.py:79} INFO - Running: ['***', 'tasks', 'run', 'etl_dag', 'detect_file', 'manual__2023-07-24T10:29:45.560330+00:00', '--job-id', '34', '--raw', '--subdir', 'DAGS_FOLDER/etl_dag.py', '--cfg-path', '/tmp/tmp5p5d5rnt', '--error-file', '/tmp/tmpnqqfqmq_']
[2023-07-24 10:29:50,337] {standard_task_runner.py:80} INFO - Job 34: Subtask detect_file
[2023-07-24 10:29:50,792] {task_command.py:370} INFO - Running <TaskInstance: etl_dag.detect_file manual__2023-07-24T10:29:45.560330+00:00 [running]> on host c03236539c84
[2023-07-24 10:29:51,262] {taskinstance.py:1571} INFO - Exporting the following env vars:
AIRFLOW_CTX_DAG_OWNER=***
AIRFLOW_CTX_DAG_ID=etl_dag
AIRFLOW_CTX_TASK_ID=detect_file
AIRFLOW_CTX_EXECUTION_DATE=2023-07-24T10:29:45.560330+00:00
AIRFLOW_CTX_TRY_NUMBER=1
AIRFLOW_CTX_DAG_RUN_ID=manual__2023-07-24T10:29:45.560330+00:00
[2023-07-24 10:29:51,269] {python.py:66} INFO - Poking callable: <function _detect_file at 0x7f539ef36560>
[2023-07-24 10:29:51,375] {base.py:301} INFO - Success criteria met. Exiting.
[2023-07-24 10:29:51,446] {taskinstance.py:1400} INFO - Marking task as SUCCESS. dag_id=etl_dag, task_id=detect_file, execution_date=20230724T102945, start_date=20230724T102949, end_date=20230724T102951
[2023-07-24 10:29:51,541] {local_task_job.py:156} INFO - Task exited with return code 0
[2023-07-24 10:29:51,927] {local_task_job.py:273} INFO - 1 downstream tasks scheduled from follow-on schedule check
