[2023-07-24 12:17:39,566] {taskinstance.py:1159} INFO - Dependencies all met for <TaskInstance: etl_dag.detect_file manual__2023-07-24T12:17:34.087693+00:00 [queued]>
[2023-07-24 12:17:39,663] {taskinstance.py:1159} INFO - Dependencies all met for <TaskInstance: etl_dag.detect_file manual__2023-07-24T12:17:34.087693+00:00 [queued]>
[2023-07-24 12:17:39,664] {taskinstance.py:1356} INFO - 
--------------------------------------------------------------------------------
[2023-07-24 12:17:39,665] {taskinstance.py:1357} INFO - Starting attempt 1 of 1
[2023-07-24 12:17:39,669] {taskinstance.py:1358} INFO - 
--------------------------------------------------------------------------------
[2023-07-24 12:17:39,810] {taskinstance.py:1377} INFO - Executing <Task(PythonSensor): detect_file> on 2023-07-24 12:17:34.087693+00:00
[2023-07-24 12:17:39,844] {standard_task_runner.py:52} INFO - Started process 5027 to run task
[2023-07-24 12:17:39,885] {standard_task_runner.py:79} INFO - Running: ['***', 'tasks', 'run', 'etl_dag', 'detect_file', 'manual__2023-07-24T12:17:34.087693+00:00', '--job-id', '86', '--raw', '--subdir', 'DAGS_FOLDER/etl_dag.py', '--cfg-path', '/tmp/tmpcyrpvijw', '--error-file', '/tmp/tmp0bz1r7l8']
[2023-07-24 12:17:39,898] {standard_task_runner.py:80} INFO - Job 86: Subtask detect_file
[2023-07-24 12:17:40,209] {task_command.py:370} INFO - Running <TaskInstance: etl_dag.detect_file manual__2023-07-24T12:17:34.087693+00:00 [running]> on host c03236539c84
[2023-07-24 12:17:40,697] {taskinstance.py:1571} INFO - Exporting the following env vars:
AIRFLOW_CTX_DAG_OWNER=***
AIRFLOW_CTX_DAG_ID=etl_dag
AIRFLOW_CTX_TASK_ID=detect_file
AIRFLOW_CTX_EXECUTION_DATE=2023-07-24T12:17:34.087693+00:00
AIRFLOW_CTX_TRY_NUMBER=1
AIRFLOW_CTX_DAG_RUN_ID=manual__2023-07-24T12:17:34.087693+00:00
[2023-07-24 12:17:40,704] {python.py:66} INFO - Poking callable: <function _detect_file at 0x7f539eed8a70>
[2023-07-24 12:17:40,793] {base.py:301} INFO - Success criteria met. Exiting.
[2023-07-24 12:17:40,843] {taskinstance.py:1400} INFO - Marking task as SUCCESS. dag_id=etl_dag, task_id=detect_file, execution_date=20230724T121734, start_date=20230724T121739, end_date=20230724T121740
[2023-07-24 12:17:40,966] {local_task_job.py:156} INFO - Task exited with return code 0
[2023-07-24 12:17:41,297] {local_task_job.py:273} INFO - 1 downstream tasks scheduled from follow-on schedule check
