[2023-07-24 12:07:00,427] {taskinstance.py:1159} INFO - Dependencies all met for <TaskInstance: etl_dag.fetch_data manual__2023-07-24T12:06:52.754383+00:00 [queued]>
[2023-07-24 12:07:00,480] {taskinstance.py:1159} INFO - Dependencies all met for <TaskInstance: etl_dag.fetch_data manual__2023-07-24T12:06:52.754383+00:00 [queued]>
[2023-07-24 12:07:00,486] {taskinstance.py:1356} INFO - 
--------------------------------------------------------------------------------
[2023-07-24 12:07:00,490] {taskinstance.py:1357} INFO - Starting attempt 1 of 1
[2023-07-24 12:07:00,494] {taskinstance.py:1358} INFO - 
--------------------------------------------------------------------------------
[2023-07-24 12:07:00,576] {taskinstance.py:1377} INFO - Executing <Task(PythonOperator): fetch_data> on 2023-07-24 12:06:52.754383+00:00
[2023-07-24 12:07:00,596] {standard_task_runner.py:52} INFO - Started process 4641 to run task
[2023-07-24 12:07:00,639] {standard_task_runner.py:79} INFO - Running: ['***', 'tasks', 'run', 'etl_dag', 'fetch_data', 'manual__2023-07-24T12:06:52.754383+00:00', '--job-id', '67', '--raw', '--subdir', 'DAGS_FOLDER/etl_dag.py', '--cfg-path', '/tmp/tmpq65x_dmy', '--error-file', '/tmp/tmpxghwn3wo']
[2023-07-24 12:07:00,645] {standard_task_runner.py:80} INFO - Job 67: Subtask fetch_data
[2023-07-24 12:07:00,940] {task_command.py:370} INFO - Running <TaskInstance: etl_dag.fetch_data manual__2023-07-24T12:06:52.754383+00:00 [running]> on host c03236539c84
[2023-07-24 12:07:01,230] {taskinstance.py:1571} INFO - Exporting the following env vars:
AIRFLOW_CTX_DAG_OWNER=***
AIRFLOW_CTX_DAG_ID=etl_dag
AIRFLOW_CTX_TASK_ID=fetch_data
AIRFLOW_CTX_EXECUTION_DATE=2023-07-24T12:06:52.754383+00:00
AIRFLOW_CTX_TRY_NUMBER=1
AIRFLOW_CTX_DAG_RUN_ID=manual__2023-07-24T12:06:52.754383+00:00
[2023-07-24 12:07:01,323] {base.py:68} INFO - Using connection ID 'aws_default' for task execution.
[2023-07-24 12:07:01,326] {base_aws.py:206} INFO - Credentials retrieved from login
[2023-07-24 12:07:02,608] {etl_dag.py:65} INFO - Saved real time data data to Real_time_payments_1690187507.8259003.csv
[2023-07-24 12:07:02,615] {python.py:173} INFO - Done. Returned value was: None
[2023-07-24 12:07:02,674] {taskinstance.py:1400} INFO - Marking task as SUCCESS. dag_id=etl_dag, task_id=fetch_data, execution_date=20230724T120652, start_date=20230724T120700, end_date=20230724T120702
[2023-07-24 12:07:02,797] {local_task_job.py:156} INFO - Task exited with return code 0
[2023-07-24 12:07:03,122] {local_task_job.py:273} INFO - 0 downstream tasks scheduled from follow-on schedule check
