[2023-07-24 11:25:41,664] {taskinstance.py:1159} INFO - Dependencies all met for <TaskInstance: etl_dag.detect_file scheduled__2023-07-24T10:00:00+00:00 [queued]>
[2023-07-24 11:25:41,849] {taskinstance.py:1159} INFO - Dependencies all met for <TaskInstance: etl_dag.detect_file scheduled__2023-07-24T10:00:00+00:00 [queued]>
[2023-07-24 11:25:41,861] {taskinstance.py:1356} INFO - 
--------------------------------------------------------------------------------
[2023-07-24 11:25:41,865] {taskinstance.py:1357} INFO - Starting attempt 1 of 1
[2023-07-24 11:25:41,881] {taskinstance.py:1358} INFO - 
--------------------------------------------------------------------------------
[2023-07-24 11:25:42,551] {taskinstance.py:1377} INFO - Executing <Task(PythonSensor): detect_file> on 2023-07-24 10:00:00+00:00
[2023-07-24 11:25:42,725] {standard_task_runner.py:52} INFO - Started process 3426 to run task
[2023-07-24 11:25:42,824] {standard_task_runner.py:79} INFO - Running: ['***', 'tasks', 'run', 'etl_dag', 'detect_file', 'scheduled__2023-07-24T10:00:00+00:00', '--job-id', '38', '--raw', '--subdir', 'DAGS_FOLDER/etl_dag.py', '--cfg-path', '/tmp/tmpzephppwy', '--error-file', '/tmp/tmpqwz8m0ku']
[2023-07-24 11:25:42,846] {standard_task_runner.py:80} INFO - Job 38: Subtask detect_file
[2023-07-24 11:25:44,951] {task_command.py:370} INFO - Running <TaskInstance: etl_dag.detect_file scheduled__2023-07-24T10:00:00+00:00 [running]> on host c03236539c84
[2023-07-24 11:25:47,186] {taskinstance.py:1571} INFO - Exporting the following env vars:
AIRFLOW_CTX_DAG_OWNER=***
AIRFLOW_CTX_DAG_ID=etl_dag
AIRFLOW_CTX_TASK_ID=detect_file
AIRFLOW_CTX_EXECUTION_DATE=2023-07-24T10:00:00+00:00
AIRFLOW_CTX_TRY_NUMBER=1
AIRFLOW_CTX_DAG_RUN_ID=scheduled__2023-07-24T10:00:00+00:00
[2023-07-24 11:25:47,205] {python.py:66} INFO - Poking callable: <function _detect_file at 0x7f539ef3a3b0>
[2023-07-24 11:25:47,582] {base.py:301} INFO - Success criteria met. Exiting.
[2023-07-24 11:25:47,699] {taskinstance.py:1400} INFO - Marking task as SUCCESS. dag_id=etl_dag, task_id=detect_file, execution_date=20230724T100000, start_date=20230724T112541, end_date=20230724T112547
[2023-07-24 11:25:48,753] {local_task_job.py:156} INFO - Task exited with return code 0
[2023-07-24 11:25:49,987] {local_task_job.py:273} INFO - 1 downstream tasks scheduled from follow-on schedule check
[2023-07-24 11:27:43,164] {taskinstance.py:1159} INFO - Dependencies all met for <TaskInstance: etl_dag.detect_file scheduled__2023-07-24T10:00:00+00:00 [queued]>
[2023-07-24 11:27:43,326] {taskinstance.py:1159} INFO - Dependencies all met for <TaskInstance: etl_dag.detect_file scheduled__2023-07-24T10:00:00+00:00 [queued]>
[2023-07-24 11:27:43,328] {taskinstance.py:1356} INFO - 
--------------------------------------------------------------------------------
[2023-07-24 11:27:43,331] {taskinstance.py:1357} INFO - Starting attempt 1 of 1
[2023-07-24 11:27:43,334] {taskinstance.py:1358} INFO - 
--------------------------------------------------------------------------------
[2023-07-24 11:27:43,496] {taskinstance.py:1377} INFO - Executing <Task(PythonSensor): detect_file> on 2023-07-24 10:00:00+00:00
[2023-07-24 11:27:43,543] {standard_task_runner.py:52} INFO - Started process 3509 to run task
[2023-07-24 11:27:43,586] {standard_task_runner.py:79} INFO - Running: ['***', 'tasks', 'run', 'etl_dag', 'detect_file', 'scheduled__2023-07-24T10:00:00+00:00', '--job-id', '46', '--raw', '--subdir', 'DAGS_FOLDER/etl_dag.py', '--cfg-path', '/tmp/tmpo7r0xsb9', '--error-file', '/tmp/tmp94a_n5l4']
[2023-07-24 11:27:43,596] {standard_task_runner.py:80} INFO - Job 46: Subtask detect_file
[2023-07-24 11:27:44,221] {task_command.py:370} INFO - Running <TaskInstance: etl_dag.detect_file scheduled__2023-07-24T10:00:00+00:00 [running]> on host c03236539c84
[2023-07-24 11:27:45,258] {taskinstance.py:1571} INFO - Exporting the following env vars:
AIRFLOW_CTX_DAG_OWNER=***
AIRFLOW_CTX_DAG_ID=etl_dag
AIRFLOW_CTX_TASK_ID=detect_file
AIRFLOW_CTX_EXECUTION_DATE=2023-07-24T10:00:00+00:00
AIRFLOW_CTX_TRY_NUMBER=1
AIRFLOW_CTX_DAG_RUN_ID=scheduled__2023-07-24T10:00:00+00:00
[2023-07-24 11:27:45,296] {python.py:66} INFO - Poking callable: <function _detect_file at 0x7f539ef3a3b0>
[2023-07-24 11:27:45,459] {base.py:301} INFO - Success criteria met. Exiting.
[2023-07-24 11:27:45,820] {taskinstance.py:1400} INFO - Marking task as SUCCESS. dag_id=etl_dag, task_id=detect_file, execution_date=20230724T100000, start_date=20230724T112743, end_date=20230724T112745
[2023-07-24 11:27:46,400] {local_task_job.py:156} INFO - Task exited with return code 0
[2023-07-24 11:27:47,135] {local_task_job.py:273} INFO - 0 downstream tasks scheduled from follow-on schedule check
[2023-07-24 12:00:06,875] {taskinstance.py:1159} INFO - Dependencies all met for <TaskInstance: etl_dag.detect_file scheduled__2023-07-24T10:00:00+00:00 [queued]>
[2023-07-24 12:00:07,322] {taskinstance.py:1159} INFO - Dependencies all met for <TaskInstance: etl_dag.detect_file scheduled__2023-07-24T10:00:00+00:00 [queued]>
[2023-07-24 12:00:07,350] {taskinstance.py:1356} INFO - 
--------------------------------------------------------------------------------
[2023-07-24 12:00:07,359] {taskinstance.py:1357} INFO - Starting attempt 1 of 1
[2023-07-24 12:00:07,378] {taskinstance.py:1358} INFO - 
--------------------------------------------------------------------------------
[2023-07-24 12:00:08,373] {taskinstance.py:1377} INFO - Executing <Task(PythonSensor): detect_file> on 2023-07-24 10:00:00+00:00
[2023-07-24 12:00:08,989] {standard_task_runner.py:52} INFO - Started process 4402 to run task
[2023-07-24 12:00:09,692] {standard_task_runner.py:79} INFO - Running: ['***', 'tasks', 'run', 'etl_dag', 'detect_file', 'scheduled__2023-07-24T10:00:00+00:00', '--job-id', '52', '--raw', '--subdir', 'DAGS_FOLDER/etl_dag.py', '--cfg-path', '/tmp/tmppkclgadt', '--error-file', '/tmp/tmpv11sb9zg']
[2023-07-24 12:00:09,902] {standard_task_runner.py:80} INFO - Job 52: Subtask detect_file
[2023-07-24 12:00:12,334] {task_command.py:370} INFO - Running <TaskInstance: etl_dag.detect_file scheduled__2023-07-24T10:00:00+00:00 [running]> on host c03236539c84
[2023-07-24 12:00:18,144] {taskinstance.py:1571} INFO - Exporting the following env vars:
AIRFLOW_CTX_DAG_OWNER=***
AIRFLOW_CTX_DAG_ID=etl_dag
AIRFLOW_CTX_TASK_ID=detect_file
AIRFLOW_CTX_EXECUTION_DATE=2023-07-24T10:00:00+00:00
AIRFLOW_CTX_TRY_NUMBER=1
AIRFLOW_CTX_DAG_RUN_ID=scheduled__2023-07-24T10:00:00+00:00
[2023-07-24 12:00:18,159] {python.py:66} INFO - Poking callable: <function _detect_file at 0x7f539ef2c3b0>
[2023-07-24 12:00:18,884] {base.py:301} INFO - Success criteria met. Exiting.
[2023-07-24 12:00:19,617] {taskinstance.py:1400} INFO - Marking task as SUCCESS. dag_id=etl_dag, task_id=detect_file, execution_date=20230724T100000, start_date=20230724T120006, end_date=20230724T120019
[2023-07-24 12:00:20,214] {local_task_job.py:156} INFO - Task exited with return code 0
