[2023-07-24 10:07:06,341] {taskinstance.py:1159} INFO - Dependencies all met for <TaskInstance: etl_dag.fetch_data manual__2023-07-24T10:06:55.037740+00:00 [queued]>
[2023-07-24 10:07:06,394] {taskinstance.py:1159} INFO - Dependencies all met for <TaskInstance: etl_dag.fetch_data manual__2023-07-24T10:06:55.037740+00:00 [queued]>
[2023-07-24 10:07:06,399] {taskinstance.py:1356} INFO - 
--------------------------------------------------------------------------------
[2023-07-24 10:07:06,401] {taskinstance.py:1357} INFO - Starting attempt 1 of 1
[2023-07-24 10:07:06,407] {taskinstance.py:1358} INFO - 
--------------------------------------------------------------------------------
[2023-07-24 10:07:06,459] {taskinstance.py:1377} INFO - Executing <Task(PythonOperator): fetch_data> on 2023-07-24 10:06:55.037740+00:00
[2023-07-24 10:07:06,479] {standard_task_runner.py:52} INFO - Started process 757 to run task
[2023-07-24 10:07:06,507] {standard_task_runner.py:79} INFO - Running: ['***', 'tasks', 'run', 'etl_dag', 'fetch_data', 'manual__2023-07-24T10:06:55.037740+00:00', '--job-id', '20', '--raw', '--subdir', 'DAGS_FOLDER/etl_dag.py', '--cfg-path', '/tmp/tmp74gbd3qf', '--error-file', '/tmp/tmpk71kwlyg']
[2023-07-24 10:07:06,512] {standard_task_runner.py:80} INFO - Job 20: Subtask fetch_data
[2023-07-24 10:07:06,692] {task_command.py:370} INFO - Running <TaskInstance: etl_dag.fetch_data manual__2023-07-24T10:06:55.037740+00:00 [running]> on host c03236539c84
[2023-07-24 10:07:06,911] {taskinstance.py:1571} INFO - Exporting the following env vars:
AIRFLOW_CTX_DAG_OWNER=***
AIRFLOW_CTX_DAG_ID=etl_dag
AIRFLOW_CTX_TASK_ID=fetch_data
AIRFLOW_CTX_EXECUTION_DATE=2023-07-24T10:06:55.037740+00:00
AIRFLOW_CTX_TRY_NUMBER=1
AIRFLOW_CTX_DAG_RUN_ID=manual__2023-07-24T10:06:55.037740+00:00
[2023-07-24 10:07:07,011] {base.py:68} INFO - Using connection ID 'aws_default' for task execution.
[2023-07-24 10:07:07,012] {base_aws.py:206} INFO - Credentials retrieved from login
[2023-07-24 10:07:08,629] {etl_dag.py:65} INFO - Saved real time data data to Real_time_payments_update
[2023-07-24 10:07:08,636] {python.py:173} INFO - Done. Returned value was: None
[2023-07-24 10:07:08,728] {taskinstance.py:1400} INFO - Marking task as SUCCESS. dag_id=etl_dag, task_id=fetch_data, execution_date=20230724T100655, start_date=20230724T100706, end_date=20230724T100708
[2023-07-24 10:07:08,957] {local_task_job.py:156} INFO - Task exited with return code 0
[2023-07-24 10:07:09,762] {local_task_job.py:273} INFO - 1 downstream tasks scheduled from follow-on schedule check
